Copyright 1986-2014 Xilinx, Inc. All Rights Reserved.
-----------------------------------------------------------------------------------
| Tool Version : Vivado v.2014.1 (win64) Build 881834 Fri Apr  4 14:15:54 MDT 2014
| Date         : Wed Sep 02 21:21:46 2015
| Host         : LAPAR01-PC running 64-bit Service Pack 1  (build 7601)
| Command      : report_drc
-----------------------------------------------------------------------------------

Report DRC

Table of Contents
-----------------
1. REPORT SUMMARY
2. REPORT DETAILS

1. REPORT SUMMARY
-----------------

REPORT SUMMARY
            Netlist: netlist
          Floorplan: checkpoint_mb_system_wrapper_placed
      Design limits: <entire design considered>
           Ruledeck: default
           Max violations: <unlimited>
         Violations found: 87

2. REPORT DETAILS
-----------------
BUFC-1#1 Warning
Input Buffer Connections  
Input buffer mb_system_i/mig_7series_0/u_mb_system_mig_7series_0_0_mig/u_memc_ui_top_axi/mem_intfc0/ddr_phy_top0/u_ddr_mc_phy_wrapper/gen_dqs_iobuf_HP.gen_dqs_iobuf[0].gen_dqs_diff.u_iobuf_dqs/IBUFDS/IBUFDS_S (in mb_system_i/mig_7series_0/u_mb_system_mig_7series_0_0_mig/u_memc_ui_top_axi/mem_intfc0/ddr_phy_top0/u_ddr_mc_phy_wrapper/gen_dqs_iobuf_HP.gen_dqs_iobuf[0].gen_dqs_diff.u_iobuf_dqs macro) has no loads. An input buffer must drive an internal load.
Related violations: <none>

BUFC-1#2 Warning
Input Buffer Connections  
Input buffer mb_system_i/mig_7series_0/u_mb_system_mig_7series_0_0_mig/u_memc_ui_top_axi/mem_intfc0/ddr_phy_top0/u_ddr_mc_phy_wrapper/gen_dqs_iobuf_HP.gen_dqs_iobuf[1].gen_dqs_diff.u_iobuf_dqs/IBUFDS/IBUFDS_S (in mb_system_i/mig_7series_0/u_mb_system_mig_7series_0_0_mig/u_memc_ui_top_axi/mem_intfc0/ddr_phy_top0/u_ddr_mc_phy_wrapper/gen_dqs_iobuf_HP.gen_dqs_iobuf[1].gen_dqs_diff.u_iobuf_dqs macro) has no loads. An input buffer must drive an internal load.
Related violations: <none>

BUFC-1#3 Warning
Input Buffer Connections  
Input buffer mb_system_i/mig_7series_0/u_mb_system_mig_7series_0_0_mig/u_memc_ui_top_axi/mem_intfc0/ddr_phy_top0/u_ddr_mc_phy_wrapper/gen_dqs_iobuf_HP.gen_dqs_iobuf[2].gen_dqs_diff.u_iobuf_dqs/IBUFDS/IBUFDS_S (in mb_system_i/mig_7series_0/u_mb_system_mig_7series_0_0_mig/u_memc_ui_top_axi/mem_intfc0/ddr_phy_top0/u_ddr_mc_phy_wrapper/gen_dqs_iobuf_HP.gen_dqs_iobuf[2].gen_dqs_diff.u_iobuf_dqs macro) has no loads. An input buffer must drive an internal load.
Related violations: <none>

BUFC-1#4 Warning
Input Buffer Connections  
Input buffer mb_system_i/mig_7series_0/u_mb_system_mig_7series_0_0_mig/u_memc_ui_top_axi/mem_intfc0/ddr_phy_top0/u_ddr_mc_phy_wrapper/gen_dqs_iobuf_HP.gen_dqs_iobuf[3].gen_dqs_diff.u_iobuf_dqs/IBUFDS/IBUFDS_S (in mb_system_i/mig_7series_0/u_mb_system_mig_7series_0_0_mig/u_memc_ui_top_axi/mem_intfc0/ddr_phy_top0/u_ddr_mc_phy_wrapper/gen_dqs_iobuf_HP.gen_dqs_iobuf[3].gen_dqs_diff.u_iobuf_dqs macro) has no loads. An input buffer must drive an internal load.
Related violations: <none>

BUFC-1#5 Warning
Input Buffer Connections  
Input buffer mb_system_i/mig_7series_0/u_mb_system_mig_7series_0_0_mig/u_memc_ui_top_axi/mem_intfc0/ddr_phy_top0/u_ddr_mc_phy_wrapper/gen_dqs_iobuf_HP.gen_dqs_iobuf[4].gen_dqs_diff.u_iobuf_dqs/IBUFDS/IBUFDS_S (in mb_system_i/mig_7series_0/u_mb_system_mig_7series_0_0_mig/u_memc_ui_top_axi/mem_intfc0/ddr_phy_top0/u_ddr_mc_phy_wrapper/gen_dqs_iobuf_HP.gen_dqs_iobuf[4].gen_dqs_diff.u_iobuf_dqs macro) has no loads. An input buffer must drive an internal load.
Related violations: <none>

BUFC-1#6 Warning
Input Buffer Connections  
Input buffer mb_system_i/mig_7series_0/u_mb_system_mig_7series_0_0_mig/u_memc_ui_top_axi/mem_intfc0/ddr_phy_top0/u_ddr_mc_phy_wrapper/gen_dqs_iobuf_HP.gen_dqs_iobuf[5].gen_dqs_diff.u_iobuf_dqs/IBUFDS/IBUFDS_S (in mb_system_i/mig_7series_0/u_mb_system_mig_7series_0_0_mig/u_memc_ui_top_axi/mem_intfc0/ddr_phy_top0/u_ddr_mc_phy_wrapper/gen_dqs_iobuf_HP.gen_dqs_iobuf[5].gen_dqs_diff.u_iobuf_dqs macro) has no loads. An input buffer must drive an internal load.
Related violations: <none>

BUFC-1#7 Warning
Input Buffer Connections  
Input buffer mb_system_i/mig_7series_0/u_mb_system_mig_7series_0_0_mig/u_memc_ui_top_axi/mem_intfc0/ddr_phy_top0/u_ddr_mc_phy_wrapper/gen_dqs_iobuf_HP.gen_dqs_iobuf[6].gen_dqs_diff.u_iobuf_dqs/IBUFDS/IBUFDS_S (in mb_system_i/mig_7series_0/u_mb_system_mig_7series_0_0_mig/u_memc_ui_top_axi/mem_intfc0/ddr_phy_top0/u_ddr_mc_phy_wrapper/gen_dqs_iobuf_HP.gen_dqs_iobuf[6].gen_dqs_diff.u_iobuf_dqs macro) has no loads. An input buffer must drive an internal load.
Related violations: <none>

BUFC-1#8 Warning
Input Buffer Connections  
Input buffer mb_system_i/mig_7series_0/u_mb_system_mig_7series_0_0_mig/u_memc_ui_top_axi/mem_intfc0/ddr_phy_top0/u_ddr_mc_phy_wrapper/gen_dqs_iobuf_HP.gen_dqs_iobuf[7].gen_dqs_diff.u_iobuf_dqs/IBUFDS/IBUFDS_S (in mb_system_i/mig_7series_0/u_mb_system_mig_7series_0_0_mig/u_memc_ui_top_axi/mem_intfc0/ddr_phy_top0/u_ddr_mc_phy_wrapper/gen_dqs_iobuf_HP.gen_dqs_iobuf[7].gen_dqs_diff.u_iobuf_dqs macro) has no loads. An input buffer must drive an internal load.
Related violations: <none>

CFGBVS-1#1 Warning
Missing CFGBVS and CONFIG_VOLTAGE Design Properties  
Neither the CFGBVS nor CONFIG_VOLTAGE voltage property is set in the current_design.  Configuration bank voltage select (CFGBVS) must be set to VCCO or GND, and CONFIG_VOLTAGE must be set to the correct configuration voltage, in order to determine the I/O voltage support for the pins in bank 0.  It is suggested to specify these either using the 'Edit Device Properties' function in the GUI or directly in the XDC file using the following syntax:

 set_property CFGBVS value1 [current_design]
 #where value1 is either VCCO or GND

 set_property CONFIG_VOLTAGE value2 [current_design]
 #where value2 is the voltage provided to configuration bank 0

Refer to the device configuration user guide for more information.
Related violations: <none>

DPIP-1#1 Warning
Input pipelining  
DSP mb_system_i/microblaze_0/U0/MicroBlaze_Core_I/Performance.Data_Flow_I/FPU_I/Use_FPU.FPU_MUL_I/Use_DSP48E.dsp_module_lower/Using_DSP48E1.DSP48E1_I1 input A B  is not pipelined. Pipelining DSP48 input will improve performance. Each input of DSP48 has 2 levels of pipelining.
Related violations: <none>

DPIP-1#2 Warning
Input pipelining  
DSP mb_system_i/microblaze_0/U0/MicroBlaze_Core_I/Performance.Data_Flow_I/FPU_I/Use_FPU.FPU_MUL_I/Use_DSP48E.dsp_module_upper/Using_DSP48E1.DSP48E1_I1 input A B  is not pipelined. Pipelining DSP48 input will improve performance. Each input of DSP48 has 2 levels of pipelining.
Related violations: <none>

DPIP-1#3 Warning
Input pipelining  
DSP mb_system_i/microblaze_0/U0/MicroBlaze_Core_I/Performance.Data_Flow_I/MUL_Unit_I/Use_HW_MUL.Using_DSP48_Architectures.No_MUL64.dsp_module_I2/Using_DSP48E1.DSP48E1_I1 input A B  is not pipelined. Pipelining DSP48 input will improve performance. Each input of DSP48 has 2 levels of pipelining.
Related violations: <none>

DPIP-1#4 Warning
Input pipelining  
DSP mb_system_i/microblaze_0/U0/MicroBlaze_Core_I/Performance.Data_Flow_I/MUL_Unit_I/Use_HW_MUL.Using_DSP48_Architectures.dsp_module_I1/Using_DSP48E1.DSP48E1_I1 input A B  is not pipelined. Pipelining DSP48 input will improve performance. Each input of DSP48 has 2 levels of pipelining.
Related violations: <none>

DPOP-1#1 Warning
Output pipelining  
DSP mb_system_i/microblaze_0/U0/MicroBlaze_Core_I/Performance.Data_Flow_I/FPU_I/Use_FPU.FPU_MUL_I/Use_DSP48E.dsp_module_lower/Using_DSP48E1.DSP48E1_I1 output P  is not pipelined. Pipelining DSP48 output will improve performance. Both multiplier/adder output can be pipelined.
Related violations: <none>

DPOP-1#2 Warning
Output pipelining  
DSP mb_system_i/microblaze_0/U0/MicroBlaze_Core_I/Performance.Data_Flow_I/MUL_Unit_I/Use_HW_MUL.Using_DSP48_Architectures.No_MUL64.dsp_module_I3/Using_DSP48E1.DSP48E1_I1 output P  is not pipelined. Pipelining DSP48 output will improve performance. Both multiplier/adder output can be pipelined.
Related violations: <none>

DPOP-1#3 Warning
Output pipelining  
DSP mb_system_i/microblaze_0/U0/MicroBlaze_Core_I/Performance.Data_Flow_I/MUL_Unit_I/Use_HW_MUL.Using_DSP48_Architectures.dsp_module_I1/Using_DSP48E1.DSP48E1_I1 output P  is not pipelined. Pipelining DSP48 output will improve performance. Both multiplier/adder output can be pipelined.
Related violations: <none>

PDRC-153#1 Warning
Gated clock check  
Net mb_system_i/debug_AES_v1_3_0/n_0_Bo_reg[103]_i_1 is a gated clock net sourced by a combinational pin mb_system_i/debug_AES_v1_3_0/Bo_reg[103]_i_1/O, cell mb_system_i/debug_AES_v1_3_0/Bo_reg[103]_i_1. This is not good design practice and will likely impact performance. For SLICE registers, for example, use the CE pin to control the loading of data.
Related violations: <none>

PDRC-153#2 Warning
Gated clock check  
Net mb_system_i/debug_AES_v1_3_0/n_0_Bo_reg[103]_i_1__0 is a gated clock net sourced by a combinational pin mb_system_i/debug_AES_v1_3_0/Bo_reg[103]_i_1__0/O, cell mb_system_i/debug_AES_v1_3_0/Bo_reg[103]_i_1__0. This is not good design practice and will likely impact performance. For SLICE registers, for example, use the CE pin to control the loading of data.
Related violations: <none>

PDRC-153#3 Warning
Gated clock check  
Net mb_system_i/debug_AES_v1_3_0/n_0_Bo_reg[111]_i_1 is a gated clock net sourced by a combinational pin mb_system_i/debug_AES_v1_3_0/Bo_reg[111]_i_1/O, cell mb_system_i/debug_AES_v1_3_0/Bo_reg[111]_i_1. This is not good design practice and will likely impact performance. For SLICE registers, for example, use the CE pin to control the loading of data.
Related violations: <none>

PDRC-153#4 Warning
Gated clock check  
Net mb_system_i/debug_AES_v1_3_0/n_0_Bo_reg[111]_i_1__0 is a gated clock net sourced by a combinational pin mb_system_i/debug_AES_v1_3_0/Bo_reg[111]_i_1__0/O, cell mb_system_i/debug_AES_v1_3_0/Bo_reg[111]_i_1__0. This is not good design practice and will likely impact performance. For SLICE registers, for example, use the CE pin to control the loading of data.
Related violations: <none>

PDRC-153#5 Warning
Gated clock check  
Net mb_system_i/debug_AES_v1_3_0/n_0_Bo_reg[119]_i_1 is a gated clock net sourced by a combinational pin mb_system_i/debug_AES_v1_3_0/Bo_reg[119]_i_1/O, cell mb_system_i/debug_AES_v1_3_0/Bo_reg[119]_i_1. This is not good design practice and will likely impact performance. For SLICE registers, for example, use the CE pin to control the loading of data.
Related violations: <none>

PDRC-153#6 Warning
Gated clock check  
Net mb_system_i/debug_AES_v1_3_0/n_0_Bo_reg[119]_i_1__0 is a gated clock net sourced by a combinational pin mb_system_i/debug_AES_v1_3_0/Bo_reg[119]_i_1__0/O, cell mb_system_i/debug_AES_v1_3_0/Bo_reg[119]_i_1__0. This is not good design practice and will likely impact performance. For SLICE registers, for example, use the CE pin to control the loading of data.
Related violations: <none>

PDRC-153#7 Warning
Gated clock check  
Net mb_system_i/debug_AES_v1_3_0/n_0_Bo_reg[127]_i_2 is a gated clock net sourced by a combinational pin mb_system_i/debug_AES_v1_3_0/Bo_reg[127]_i_2/O, cell mb_system_i/debug_AES_v1_3_0/Bo_reg[127]_i_2. This is not good design practice and will likely impact performance. For SLICE registers, for example, use the CE pin to control the loading of data.
Related violations: <none>

PDRC-153#8 Warning
Gated clock check  
Net mb_system_i/debug_AES_v1_3_0/n_0_Bo_reg[127]_i_2__0 is a gated clock net sourced by a combinational pin mb_system_i/debug_AES_v1_3_0/Bo_reg[127]_i_2__0/O, cell mb_system_i/debug_AES_v1_3_0/Bo_reg[127]_i_2__0. This is not good design practice and will likely impact performance. For SLICE registers, for example, use the CE pin to control the loading of data.
Related violations: <none>

PDRC-153#9 Warning
Gated clock check  
Net mb_system_i/debug_AES_v1_3_0/n_0_Bo_reg[15]_i_1 is a gated clock net sourced by a combinational pin mb_system_i/debug_AES_v1_3_0/Bo_reg[15]_i_1/O, cell mb_system_i/debug_AES_v1_3_0/Bo_reg[15]_i_1. This is not good design practice and will likely impact performance. For SLICE registers, for example, use the CE pin to control the loading of data.
Related violations: <none>

PDRC-153#10 Warning
Gated clock check  
Net mb_system_i/debug_AES_v1_3_0/n_0_Bo_reg[15]_i_1__0 is a gated clock net sourced by a combinational pin mb_system_i/debug_AES_v1_3_0/Bo_reg[15]_i_1__0/O, cell mb_system_i/debug_AES_v1_3_0/Bo_reg[15]_i_1__0. This is not good design practice and will likely impact performance. For SLICE registers, for example, use the CE pin to control the loading of data.
Related violations: <none>

PDRC-153#11 Warning
Gated clock check  
Net mb_system_i/debug_AES_v1_3_0/n_0_Bo_reg[23]_i_1 is a gated clock net sourced by a combinational pin mb_system_i/debug_AES_v1_3_0/Bo_reg[23]_i_1/O, cell mb_system_i/debug_AES_v1_3_0/Bo_reg[23]_i_1. This is not good design practice and will likely impact performance. For SLICE registers, for example, use the CE pin to control the loading of data.
Related violations: <none>

PDRC-153#12 Warning
Gated clock check  
Net mb_system_i/debug_AES_v1_3_0/n_0_Bo_reg[23]_i_1__0 is a gated clock net sourced by a combinational pin mb_system_i/debug_AES_v1_3_0/Bo_reg[23]_i_1__0/O, cell mb_system_i/debug_AES_v1_3_0/Bo_reg[23]_i_1__0. This is not good design practice and will likely impact performance. For SLICE registers, for example, use the CE pin to control the loading of data.
Related violations: <none>

PDRC-153#13 Warning
Gated clock check  
Net mb_system_i/debug_AES_v1_3_0/n_0_Bo_reg[31]_i_1 is a gated clock net sourced by a combinational pin mb_system_i/debug_AES_v1_3_0/Bo_reg[31]_i_1/O, cell mb_system_i/debug_AES_v1_3_0/Bo_reg[31]_i_1. This is not good design practice and will likely impact performance. For SLICE registers, for example, use the CE pin to control the loading of data.
Related violations: <none>

PDRC-153#14 Warning
Gated clock check  
Net mb_system_i/debug_AES_v1_3_0/n_0_Bo_reg[31]_i_1__0 is a gated clock net sourced by a combinational pin mb_system_i/debug_AES_v1_3_0/Bo_reg[31]_i_1__0/O, cell mb_system_i/debug_AES_v1_3_0/Bo_reg[31]_i_1__0. This is not good design practice and will likely impact performance. For SLICE registers, for example, use the CE pin to control the loading of data.
Related violations: <none>

PDRC-153#15 Warning
Gated clock check  
Net mb_system_i/debug_AES_v1_3_0/n_0_Bo_reg[39]_i_1 is a gated clock net sourced by a combinational pin mb_system_i/debug_AES_v1_3_0/Bo_reg[39]_i_1/O, cell mb_system_i/debug_AES_v1_3_0/Bo_reg[39]_i_1. This is not good design practice and will likely impact performance. For SLICE registers, for example, use the CE pin to control the loading of data.
Related violations: <none>

PDRC-153#16 Warning
Gated clock check  
Net mb_system_i/debug_AES_v1_3_0/n_0_Bo_reg[39]_i_1__0 is a gated clock net sourced by a combinational pin mb_system_i/debug_AES_v1_3_0/Bo_reg[39]_i_1__0/O, cell mb_system_i/debug_AES_v1_3_0/Bo_reg[39]_i_1__0. This is not good design practice and will likely impact performance. For SLICE registers, for example, use the CE pin to control the loading of data.
Related violations: <none>

PDRC-153#17 Warning
Gated clock check  
Net mb_system_i/debug_AES_v1_3_0/n_0_Bo_reg[47]_i_1 is a gated clock net sourced by a combinational pin mb_system_i/debug_AES_v1_3_0/Bo_reg[47]_i_1/O, cell mb_system_i/debug_AES_v1_3_0/Bo_reg[47]_i_1. This is not good design practice and will likely impact performance. For SLICE registers, for example, use the CE pin to control the loading of data.
Related violations: <none>

PDRC-153#18 Warning
Gated clock check  
Net mb_system_i/debug_AES_v1_3_0/n_0_Bo_reg[47]_i_1__0 is a gated clock net sourced by a combinational pin mb_system_i/debug_AES_v1_3_0/Bo_reg[47]_i_1__0/O, cell mb_system_i/debug_AES_v1_3_0/Bo_reg[47]_i_1__0. This is not good design practice and will likely impact performance. For SLICE registers, for example, use the CE pin to control the loading of data.
Related violations: <none>

PDRC-153#19 Warning
Gated clock check  
Net mb_system_i/debug_AES_v1_3_0/n_0_Bo_reg[55]_i_1 is a gated clock net sourced by a combinational pin mb_system_i/debug_AES_v1_3_0/Bo_reg[55]_i_1/O, cell mb_system_i/debug_AES_v1_3_0/Bo_reg[55]_i_1. This is not good design practice and will likely impact performance. For SLICE registers, for example, use the CE pin to control the loading of data.
Related violations: <none>

PDRC-153#20 Warning
Gated clock check  
Net mb_system_i/debug_AES_v1_3_0/n_0_Bo_reg[55]_i_1__0 is a gated clock net sourced by a combinational pin mb_system_i/debug_AES_v1_3_0/Bo_reg[55]_i_1__0/O, cell mb_system_i/debug_AES_v1_3_0/Bo_reg[55]_i_1__0. This is not good design practice and will likely impact performance. For SLICE registers, for example, use the CE pin to control the loading of data.
Related violations: <none>

PDRC-153#21 Warning
Gated clock check  
Net mb_system_i/debug_AES_v1_3_0/n_0_Bo_reg[63]_i_1 is a gated clock net sourced by a combinational pin mb_system_i/debug_AES_v1_3_0/Bo_reg[63]_i_1/O, cell mb_system_i/debug_AES_v1_3_0/Bo_reg[63]_i_1. This is not good design practice and will likely impact performance. For SLICE registers, for example, use the CE pin to control the loading of data.
Related violations: <none>

PDRC-153#22 Warning
Gated clock check  
Net mb_system_i/debug_AES_v1_3_0/n_0_Bo_reg[63]_i_1__0 is a gated clock net sourced by a combinational pin mb_system_i/debug_AES_v1_3_0/Bo_reg[63]_i_1__0/O, cell mb_system_i/debug_AES_v1_3_0/Bo_reg[63]_i_1__0. This is not good design practice and will likely impact performance. For SLICE registers, for example, use the CE pin to control the loading of data.
Related violations: <none>

PDRC-153#23 Warning
Gated clock check  
Net mb_system_i/debug_AES_v1_3_0/n_0_Bo_reg[71]_i_1 is a gated clock net sourced by a combinational pin mb_system_i/debug_AES_v1_3_0/Bo_reg[71]_i_1/O, cell mb_system_i/debug_AES_v1_3_0/Bo_reg[71]_i_1. This is not good design practice and will likely impact performance. For SLICE registers, for example, use the CE pin to control the loading of data.
Related violations: <none>

PDRC-153#24 Warning
Gated clock check  
Net mb_system_i/debug_AES_v1_3_0/n_0_Bo_reg[71]_i_1__0 is a gated clock net sourced by a combinational pin mb_system_i/debug_AES_v1_3_0/Bo_reg[71]_i_1__0/O, cell mb_system_i/debug_AES_v1_3_0/Bo_reg[71]_i_1__0. This is not good design practice and will likely impact performance. For SLICE registers, for example, use the CE pin to control the loading of data.
Related violations: <none>

PDRC-153#25 Warning
Gated clock check  
Net mb_system_i/debug_AES_v1_3_0/n_0_Bo_reg[79]_i_1 is a gated clock net sourced by a combinational pin mb_system_i/debug_AES_v1_3_0/Bo_reg[79]_i_1/O, cell mb_system_i/debug_AES_v1_3_0/Bo_reg[79]_i_1. This is not good design practice and will likely impact performance. For SLICE registers, for example, use the CE pin to control the loading of data.
Related violations: <none>

PDRC-153#26 Warning
Gated clock check  
Net mb_system_i/debug_AES_v1_3_0/n_0_Bo_reg[79]_i_1__0 is a gated clock net sourced by a combinational pin mb_system_i/debug_AES_v1_3_0/Bo_reg[79]_i_1__0/O, cell mb_system_i/debug_AES_v1_3_0/Bo_reg[79]_i_1__0. This is not good design practice and will likely impact performance. For SLICE registers, for example, use the CE pin to control the loading of data.
Related violations: <none>

PDRC-153#27 Warning
Gated clock check  
Net mb_system_i/debug_AES_v1_3_0/n_0_Bo_reg[7]_i_1 is a gated clock net sourced by a combinational pin mb_system_i/debug_AES_v1_3_0/Bo_reg[7]_i_1/O, cell mb_system_i/debug_AES_v1_3_0/Bo_reg[7]_i_1. This is not good design practice and will likely impact performance. For SLICE registers, for example, use the CE pin to control the loading of data.
Related violations: <none>

PDRC-153#28 Warning
Gated clock check  
Net mb_system_i/debug_AES_v1_3_0/n_0_Bo_reg[7]_i_1__0 is a gated clock net sourced by a combinational pin mb_system_i/debug_AES_v1_3_0/Bo_reg[7]_i_1__0/O, cell mb_system_i/debug_AES_v1_3_0/Bo_reg[7]_i_1__0. This is not good design practice and will likely impact performance. For SLICE registers, for example, use the CE pin to control the loading of data.
Related violations: <none>

PDRC-153#29 Warning
Gated clock check  
Net mb_system_i/debug_AES_v1_3_0/n_0_Bo_reg[87]_i_1 is a gated clock net sourced by a combinational pin mb_system_i/debug_AES_v1_3_0/Bo_reg[87]_i_1/O, cell mb_system_i/debug_AES_v1_3_0/Bo_reg[87]_i_1. This is not good design practice and will likely impact performance. For SLICE registers, for example, use the CE pin to control the loading of data.
Related violations: <none>

PDRC-153#30 Warning
Gated clock check  
Net mb_system_i/debug_AES_v1_3_0/n_0_Bo_reg[87]_i_1__0 is a gated clock net sourced by a combinational pin mb_system_i/debug_AES_v1_3_0/Bo_reg[87]_i_1__0/O, cell mb_system_i/debug_AES_v1_3_0/Bo_reg[87]_i_1__0. This is not good design practice and will likely impact performance. For SLICE registers, for example, use the CE pin to control the loading of data.
Related violations: <none>

PDRC-153#31 Warning
Gated clock check  
Net mb_system_i/debug_AES_v1_3_0/n_0_Bo_reg[95]_i_1 is a gated clock net sourced by a combinational pin mb_system_i/debug_AES_v1_3_0/Bo_reg[95]_i_1/O, cell mb_system_i/debug_AES_v1_3_0/Bo_reg[95]_i_1. This is not good design practice and will likely impact performance. For SLICE registers, for example, use the CE pin to control the loading of data.
Related violations: <none>

PDRC-153#32 Warning
Gated clock check  
Net mb_system_i/debug_AES_v1_3_0/n_0_Bo_reg[95]_i_1__0 is a gated clock net sourced by a combinational pin mb_system_i/debug_AES_v1_3_0/Bo_reg[95]_i_1__0/O, cell mb_system_i/debug_AES_v1_3_0/Bo_reg[95]_i_1__0. This is not good design practice and will likely impact performance. For SLICE registers, for example, use the CE pin to control the loading of data.
Related violations: <none>

PLHOLDVIO-2#1 Warning
Non-Optimal connections which could lead to hold violations  
A LUT mb_system_i/debug_AES_v1_3_0/Bo_reg[103]_i_1 is driving clock pin of 8 cells. This could lead to large hold time violations. First few involved cells are:
    mb_system_i/debug_AES_v1_3_0/U0/AES_Crypto_0/SubBytes_round/Bo_reg[100] {LDCE}
    mb_system_i/debug_AES_v1_3_0/U0/AES_Crypto_0/SubBytes_round/Bo_reg[101] {LDCE}
    mb_system_i/debug_AES_v1_3_0/U0/AES_Crypto_0/SubBytes_round/Bo_reg[102] {LDCE}
    mb_system_i/debug_AES_v1_3_0/U0/AES_Crypto_0/SubBytes_round/Bo_reg[103] {LDCE}
    mb_system_i/debug_AES_v1_3_0/U0/AES_Crypto_0/SubBytes_round/Bo_reg[96] {LDCE}

Related violations: <none>

PLHOLDVIO-2#2 Warning
Non-Optimal connections which could lead to hold violations  
A LUT mb_system_i/debug_AES_v1_3_0/Bo_reg[103]_i_1__0 is driving clock pin of 8 cells. This could lead to large hold time violations. First few involved cells are:
    mb_system_i/debug_AES_v1_3_0/U0/AES_Crypto_0/InvSubBytes_round/Bo_reg[100] {LDCE}
    mb_system_i/debug_AES_v1_3_0/U0/AES_Crypto_0/InvSubBytes_round/Bo_reg[101] {LDCE}
    mb_system_i/debug_AES_v1_3_0/U0/AES_Crypto_0/InvSubBytes_round/Bo_reg[102] {LDCE}
    mb_system_i/debug_AES_v1_3_0/U0/AES_Crypto_0/InvSubBytes_round/Bo_reg[103] {LDCE}
    mb_system_i/debug_AES_v1_3_0/U0/AES_Crypto_0/InvSubBytes_round/Bo_reg[96] {LDCE}

Related violations: <none>

PLHOLDVIO-2#3 Warning
Non-Optimal connections which could lead to hold violations  
A LUT mb_system_i/debug_AES_v1_3_0/Bo_reg[111]_i_1 is driving clock pin of 8 cells. This could lead to large hold time violations. First few involved cells are:
    mb_system_i/debug_AES_v1_3_0/U0/AES_Crypto_0/SubBytes_round/Bo_reg[104] {LDCE}
    mb_system_i/debug_AES_v1_3_0/U0/AES_Crypto_0/SubBytes_round/Bo_reg[105] {LDCE}
    mb_system_i/debug_AES_v1_3_0/U0/AES_Crypto_0/SubBytes_round/Bo_reg[106] {LDCE}
    mb_system_i/debug_AES_v1_3_0/U0/AES_Crypto_0/SubBytes_round/Bo_reg[107] {LDCE}
    mb_system_i/debug_AES_v1_3_0/U0/AES_Crypto_0/SubBytes_round/Bo_reg[108] {LDCE}

Related violations: <none>

PLHOLDVIO-2#4 Warning
Non-Optimal connections which could lead to hold violations  
A LUT mb_system_i/debug_AES_v1_3_0/Bo_reg[111]_i_1__0 is driving clock pin of 8 cells. This could lead to large hold time violations. First few involved cells are:
    mb_system_i/debug_AES_v1_3_0/U0/AES_Crypto_0/InvSubBytes_round/Bo_reg[104] {LDCE}
    mb_system_i/debug_AES_v1_3_0/U0/AES_Crypto_0/InvSubBytes_round/Bo_reg[105] {LDCE}
    mb_system_i/debug_AES_v1_3_0/U0/AES_Crypto_0/InvSubBytes_round/Bo_reg[106] {LDCE}
    mb_system_i/debug_AES_v1_3_0/U0/AES_Crypto_0/InvSubBytes_round/Bo_reg[107] {LDCE}
    mb_system_i/debug_AES_v1_3_0/U0/AES_Crypto_0/InvSubBytes_round/Bo_reg[108] {LDCE}

Related violations: <none>

PLHOLDVIO-2#5 Warning
Non-Optimal connections which could lead to hold violations  
A LUT mb_system_i/debug_AES_v1_3_0/Bo_reg[119]_i_1 is driving clock pin of 8 cells. This could lead to large hold time violations. First few involved cells are:
    mb_system_i/debug_AES_v1_3_0/U0/AES_Crypto_0/SubBytes_round/Bo_reg[112] {LDCE}
    mb_system_i/debug_AES_v1_3_0/U0/AES_Crypto_0/SubBytes_round/Bo_reg[113] {LDCE}
    mb_system_i/debug_AES_v1_3_0/U0/AES_Crypto_0/SubBytes_round/Bo_reg[114] {LDCE}
    mb_system_i/debug_AES_v1_3_0/U0/AES_Crypto_0/SubBytes_round/Bo_reg[115] {LDCE}
    mb_system_i/debug_AES_v1_3_0/U0/AES_Crypto_0/SubBytes_round/Bo_reg[116] {LDCE}

Related violations: <none>

PLHOLDVIO-2#6 Warning
Non-Optimal connections which could lead to hold violations  
A LUT mb_system_i/debug_AES_v1_3_0/Bo_reg[119]_i_1__0 is driving clock pin of 8 cells. This could lead to large hold time violations. First few involved cells are:
    mb_system_i/debug_AES_v1_3_0/U0/AES_Crypto_0/InvSubBytes_round/Bo_reg[112] {LDCE}
    mb_system_i/debug_AES_v1_3_0/U0/AES_Crypto_0/InvSubBytes_round/Bo_reg[113] {LDCE}
    mb_system_i/debug_AES_v1_3_0/U0/AES_Crypto_0/InvSubBytes_round/Bo_reg[114] {LDCE}
    mb_system_i/debug_AES_v1_3_0/U0/AES_Crypto_0/InvSubBytes_round/Bo_reg[115] {LDCE}
    mb_system_i/debug_AES_v1_3_0/U0/AES_Crypto_0/InvSubBytes_round/Bo_reg[116] {LDCE}

Related violations: <none>

PLHOLDVIO-2#7 Warning
Non-Optimal connections which could lead to hold violations  
A LUT mb_system_i/debug_AES_v1_3_0/Bo_reg[127]_i_2 is driving clock pin of 8 cells. This could lead to large hold time violations. First few involved cells are:
    mb_system_i/debug_AES_v1_3_0/U0/AES_Crypto_0/SubBytes_round/Bo_reg[120] {LDCE}
    mb_system_i/debug_AES_v1_3_0/U0/AES_Crypto_0/SubBytes_round/Bo_reg[121] {LDCE}
    mb_system_i/debug_AES_v1_3_0/U0/AES_Crypto_0/SubBytes_round/Bo_reg[122] {LDCE}
    mb_system_i/debug_AES_v1_3_0/U0/AES_Crypto_0/SubBytes_round/Bo_reg[123] {LDCE}
    mb_system_i/debug_AES_v1_3_0/U0/AES_Crypto_0/SubBytes_round/Bo_reg[124] {LDCE}

Related violations: <none>

PLHOLDVIO-2#8 Warning
Non-Optimal connections which could lead to hold violations  
A LUT mb_system_i/debug_AES_v1_3_0/Bo_reg[127]_i_2__0 is driving clock pin of 8 cells. This could lead to large hold time violations. First few involved cells are:
    mb_system_i/debug_AES_v1_3_0/U0/AES_Crypto_0/InvSubBytes_round/Bo_reg[120] {LDCE}
    mb_system_i/debug_AES_v1_3_0/U0/AES_Crypto_0/InvSubBytes_round/Bo_reg[121] {LDCE}
    mb_system_i/debug_AES_v1_3_0/U0/AES_Crypto_0/InvSubBytes_round/Bo_reg[122] {LDCE}
    mb_system_i/debug_AES_v1_3_0/U0/AES_Crypto_0/InvSubBytes_round/Bo_reg[123] {LDCE}
    mb_system_i/debug_AES_v1_3_0/U0/AES_Crypto_0/InvSubBytes_round/Bo_reg[124] {LDCE}

Related violations: <none>

PLHOLDVIO-2#9 Warning
Non-Optimal connections which could lead to hold violations  
A LUT mb_system_i/debug_AES_v1_3_0/Bo_reg[15]_i_1 is driving clock pin of 8 cells. This could lead to large hold time violations. First few involved cells are:
    mb_system_i/debug_AES_v1_3_0/U0/AES_Crypto_0/SubBytes_round/Bo_reg[10] {LDCE}
    mb_system_i/debug_AES_v1_3_0/U0/AES_Crypto_0/SubBytes_round/Bo_reg[11] {LDCE}
    mb_system_i/debug_AES_v1_3_0/U0/AES_Crypto_0/SubBytes_round/Bo_reg[12] {LDCE}
    mb_system_i/debug_AES_v1_3_0/U0/AES_Crypto_0/SubBytes_round/Bo_reg[13] {LDCE}
    mb_system_i/debug_AES_v1_3_0/U0/AES_Crypto_0/SubBytes_round/Bo_reg[14] {LDCE}

Related violations: <none>

PLHOLDVIO-2#10 Warning
Non-Optimal connections which could lead to hold violations  
A LUT mb_system_i/debug_AES_v1_3_0/Bo_reg[15]_i_1__0 is driving clock pin of 8 cells. This could lead to large hold time violations. First few involved cells are:
    mb_system_i/debug_AES_v1_3_0/U0/AES_Crypto_0/InvSubBytes_round/Bo_reg[10] {LDCE}
    mb_system_i/debug_AES_v1_3_0/U0/AES_Crypto_0/InvSubBytes_round/Bo_reg[11] {LDCE}
    mb_system_i/debug_AES_v1_3_0/U0/AES_Crypto_0/InvSubBytes_round/Bo_reg[12] {LDCE}
    mb_system_i/debug_AES_v1_3_0/U0/AES_Crypto_0/InvSubBytes_round/Bo_reg[13] {LDCE}
    mb_system_i/debug_AES_v1_3_0/U0/AES_Crypto_0/InvSubBytes_round/Bo_reg[14] {LDCE}

Related violations: <none>

PLHOLDVIO-2#11 Warning
Non-Optimal connections which could lead to hold violations  
A LUT mb_system_i/debug_AES_v1_3_0/Bo_reg[23]_i_1 is driving clock pin of 8 cells. This could lead to large hold time violations. First few involved cells are:
    mb_system_i/debug_AES_v1_3_0/U0/AES_Crypto_0/SubBytes_round/Bo_reg[16] {LDCE}
    mb_system_i/debug_AES_v1_3_0/U0/AES_Crypto_0/SubBytes_round/Bo_reg[17] {LDCE}
    mb_system_i/debug_AES_v1_3_0/U0/AES_Crypto_0/SubBytes_round/Bo_reg[18] {LDCE}
    mb_system_i/debug_AES_v1_3_0/U0/AES_Crypto_0/SubBytes_round/Bo_reg[19] {LDCE}
    mb_system_i/debug_AES_v1_3_0/U0/AES_Crypto_0/SubBytes_round/Bo_reg[20] {LDCE}

Related violations: <none>

PLHOLDVIO-2#12 Warning
Non-Optimal connections which could lead to hold violations  
A LUT mb_system_i/debug_AES_v1_3_0/Bo_reg[23]_i_1__0 is driving clock pin of 8 cells. This could lead to large hold time violations. First few involved cells are:
    mb_system_i/debug_AES_v1_3_0/U0/AES_Crypto_0/InvSubBytes_round/Bo_reg[16] {LDCE}
    mb_system_i/debug_AES_v1_3_0/U0/AES_Crypto_0/InvSubBytes_round/Bo_reg[17] {LDCE}
    mb_system_i/debug_AES_v1_3_0/U0/AES_Crypto_0/InvSubBytes_round/Bo_reg[18] {LDCE}
    mb_system_i/debug_AES_v1_3_0/U0/AES_Crypto_0/InvSubBytes_round/Bo_reg[19] {LDCE}
    mb_system_i/debug_AES_v1_3_0/U0/AES_Crypto_0/InvSubBytes_round/Bo_reg[20] {LDCE}

Related violations: <none>

PLHOLDVIO-2#13 Warning
Non-Optimal connections which could lead to hold violations  
A LUT mb_system_i/debug_AES_v1_3_0/Bo_reg[31]_i_1 is driving clock pin of 8 cells. This could lead to large hold time violations. First few involved cells are:
    mb_system_i/debug_AES_v1_3_0/U0/AES_Crypto_0/SubBytes_round/Bo_reg[24] {LDCE}
    mb_system_i/debug_AES_v1_3_0/U0/AES_Crypto_0/SubBytes_round/Bo_reg[25] {LDCE}
    mb_system_i/debug_AES_v1_3_0/U0/AES_Crypto_0/SubBytes_round/Bo_reg[26] {LDCE}
    mb_system_i/debug_AES_v1_3_0/U0/AES_Crypto_0/SubBytes_round/Bo_reg[27] {LDCE}
    mb_system_i/debug_AES_v1_3_0/U0/AES_Crypto_0/SubBytes_round/Bo_reg[28] {LDCE}

Related violations: <none>

PLHOLDVIO-2#14 Warning
Non-Optimal connections which could lead to hold violations  
A LUT mb_system_i/debug_AES_v1_3_0/Bo_reg[31]_i_1__0 is driving clock pin of 8 cells. This could lead to large hold time violations. First few involved cells are:
    mb_system_i/debug_AES_v1_3_0/U0/AES_Crypto_0/InvSubBytes_round/Bo_reg[24] {LDCE}
    mb_system_i/debug_AES_v1_3_0/U0/AES_Crypto_0/InvSubBytes_round/Bo_reg[25] {LDCE}
    mb_system_i/debug_AES_v1_3_0/U0/AES_Crypto_0/InvSubBytes_round/Bo_reg[26] {LDCE}
    mb_system_i/debug_AES_v1_3_0/U0/AES_Crypto_0/InvSubBytes_round/Bo_reg[27] {LDCE}
    mb_system_i/debug_AES_v1_3_0/U0/AES_Crypto_0/InvSubBytes_round/Bo_reg[28] {LDCE}

Related violations: <none>

PLHOLDVIO-2#15 Warning
Non-Optimal connections which could lead to hold violations  
A LUT mb_system_i/debug_AES_v1_3_0/Bo_reg[39]_i_1 is driving clock pin of 8 cells. This could lead to large hold time violations. First few involved cells are:
    mb_system_i/debug_AES_v1_3_0/U0/AES_Crypto_0/SubBytes_round/Bo_reg[32] {LDCE}
    mb_system_i/debug_AES_v1_3_0/U0/AES_Crypto_0/SubBytes_round/Bo_reg[33] {LDCE}
    mb_system_i/debug_AES_v1_3_0/U0/AES_Crypto_0/SubBytes_round/Bo_reg[34] {LDCE}
    mb_system_i/debug_AES_v1_3_0/U0/AES_Crypto_0/SubBytes_round/Bo_reg[35] {LDCE}
    mb_system_i/debug_AES_v1_3_0/U0/AES_Crypto_0/SubBytes_round/Bo_reg[36] {LDCE}

Related violations: <none>

PLHOLDVIO-2#16 Warning
Non-Optimal connections which could lead to hold violations  
A LUT mb_system_i/debug_AES_v1_3_0/Bo_reg[39]_i_1__0 is driving clock pin of 8 cells. This could lead to large hold time violations. First few involved cells are:
    mb_system_i/debug_AES_v1_3_0/U0/AES_Crypto_0/InvSubBytes_round/Bo_reg[32] {LDCE}
    mb_system_i/debug_AES_v1_3_0/U0/AES_Crypto_0/InvSubBytes_round/Bo_reg[33] {LDCE}
    mb_system_i/debug_AES_v1_3_0/U0/AES_Crypto_0/InvSubBytes_round/Bo_reg[34] {LDCE}
    mb_system_i/debug_AES_v1_3_0/U0/AES_Crypto_0/InvSubBytes_round/Bo_reg[35] {LDCE}
    mb_system_i/debug_AES_v1_3_0/U0/AES_Crypto_0/InvSubBytes_round/Bo_reg[36] {LDCE}

Related violations: <none>

PLHOLDVIO-2#17 Warning
Non-Optimal connections which could lead to hold violations  
A LUT mb_system_i/debug_AES_v1_3_0/Bo_reg[47]_i_1 is driving clock pin of 8 cells. This could lead to large hold time violations. First few involved cells are:
    mb_system_i/debug_AES_v1_3_0/U0/AES_Crypto_0/SubBytes_round/Bo_reg[40] {LDCE}
    mb_system_i/debug_AES_v1_3_0/U0/AES_Crypto_0/SubBytes_round/Bo_reg[41] {LDCE}
    mb_system_i/debug_AES_v1_3_0/U0/AES_Crypto_0/SubBytes_round/Bo_reg[42] {LDCE}
    mb_system_i/debug_AES_v1_3_0/U0/AES_Crypto_0/SubBytes_round/Bo_reg[43] {LDCE}
    mb_system_i/debug_AES_v1_3_0/U0/AES_Crypto_0/SubBytes_round/Bo_reg[44] {LDCE}

Related violations: <none>

PLHOLDVIO-2#18 Warning
Non-Optimal connections which could lead to hold violations  
A LUT mb_system_i/debug_AES_v1_3_0/Bo_reg[47]_i_1__0 is driving clock pin of 8 cells. This could lead to large hold time violations. First few involved cells are:
    mb_system_i/debug_AES_v1_3_0/U0/AES_Crypto_0/InvSubBytes_round/Bo_reg[40] {LDCE}
    mb_system_i/debug_AES_v1_3_0/U0/AES_Crypto_0/InvSubBytes_round/Bo_reg[41] {LDCE}
    mb_system_i/debug_AES_v1_3_0/U0/AES_Crypto_0/InvSubBytes_round/Bo_reg[42] {LDCE}
    mb_system_i/debug_AES_v1_3_0/U0/AES_Crypto_0/InvSubBytes_round/Bo_reg[43] {LDCE}
    mb_system_i/debug_AES_v1_3_0/U0/AES_Crypto_0/InvSubBytes_round/Bo_reg[44] {LDCE}

Related violations: <none>

PLHOLDVIO-2#19 Warning
Non-Optimal connections which could lead to hold violations  
A LUT mb_system_i/debug_AES_v1_3_0/Bo_reg[55]_i_1 is driving clock pin of 8 cells. This could lead to large hold time violations. First few involved cells are:
    mb_system_i/debug_AES_v1_3_0/U0/AES_Crypto_0/SubBytes_round/Bo_reg[48] {LDCE}
    mb_system_i/debug_AES_v1_3_0/U0/AES_Crypto_0/SubBytes_round/Bo_reg[49] {LDCE}
    mb_system_i/debug_AES_v1_3_0/U0/AES_Crypto_0/SubBytes_round/Bo_reg[50] {LDCE}
    mb_system_i/debug_AES_v1_3_0/U0/AES_Crypto_0/SubBytes_round/Bo_reg[51] {LDCE}
    mb_system_i/debug_AES_v1_3_0/U0/AES_Crypto_0/SubBytes_round/Bo_reg[52] {LDCE}

Related violations: <none>

PLHOLDVIO-2#20 Warning
Non-Optimal connections which could lead to hold violations  
A LUT mb_system_i/debug_AES_v1_3_0/Bo_reg[55]_i_1__0 is driving clock pin of 8 cells. This could lead to large hold time violations. First few involved cells are:
    mb_system_i/debug_AES_v1_3_0/U0/AES_Crypto_0/InvSubBytes_round/Bo_reg[48] {LDCE}
    mb_system_i/debug_AES_v1_3_0/U0/AES_Crypto_0/InvSubBytes_round/Bo_reg[49] {LDCE}
    mb_system_i/debug_AES_v1_3_0/U0/AES_Crypto_0/InvSubBytes_round/Bo_reg[50] {LDCE}
    mb_system_i/debug_AES_v1_3_0/U0/AES_Crypto_0/InvSubBytes_round/Bo_reg[51] {LDCE}
    mb_system_i/debug_AES_v1_3_0/U0/AES_Crypto_0/InvSubBytes_round/Bo_reg[52] {LDCE}

Related violations: <none>

PLHOLDVIO-2#21 Warning
Non-Optimal connections which could lead to hold violations  
A LUT mb_system_i/debug_AES_v1_3_0/Bo_reg[63]_i_1 is driving clock pin of 8 cells. This could lead to large hold time violations. First few involved cells are:
    mb_system_i/debug_AES_v1_3_0/U0/AES_Crypto_0/SubBytes_round/Bo_reg[56] {LDCE}
    mb_system_i/debug_AES_v1_3_0/U0/AES_Crypto_0/SubBytes_round/Bo_reg[57] {LDCE}
    mb_system_i/debug_AES_v1_3_0/U0/AES_Crypto_0/SubBytes_round/Bo_reg[58] {LDCE}
    mb_system_i/debug_AES_v1_3_0/U0/AES_Crypto_0/SubBytes_round/Bo_reg[59] {LDCE}
    mb_system_i/debug_AES_v1_3_0/U0/AES_Crypto_0/SubBytes_round/Bo_reg[60] {LDCE}

Related violations: <none>

PLHOLDVIO-2#22 Warning
Non-Optimal connections which could lead to hold violations  
A LUT mb_system_i/debug_AES_v1_3_0/Bo_reg[63]_i_1__0 is driving clock pin of 8 cells. This could lead to large hold time violations. First few involved cells are:
    mb_system_i/debug_AES_v1_3_0/U0/AES_Crypto_0/InvSubBytes_round/Bo_reg[56] {LDCE}
    mb_system_i/debug_AES_v1_3_0/U0/AES_Crypto_0/InvSubBytes_round/Bo_reg[57] {LDCE}
    mb_system_i/debug_AES_v1_3_0/U0/AES_Crypto_0/InvSubBytes_round/Bo_reg[58] {LDCE}
    mb_system_i/debug_AES_v1_3_0/U0/AES_Crypto_0/InvSubBytes_round/Bo_reg[59] {LDCE}
    mb_system_i/debug_AES_v1_3_0/U0/AES_Crypto_0/InvSubBytes_round/Bo_reg[60] {LDCE}

Related violations: <none>

PLHOLDVIO-2#23 Warning
Non-Optimal connections which could lead to hold violations  
A LUT mb_system_i/debug_AES_v1_3_0/Bo_reg[71]_i_1 is driving clock pin of 8 cells. This could lead to large hold time violations. First few involved cells are:
    mb_system_i/debug_AES_v1_3_0/U0/AES_Crypto_0/SubBytes_round/Bo_reg[64] {LDCE}
    mb_system_i/debug_AES_v1_3_0/U0/AES_Crypto_0/SubBytes_round/Bo_reg[65] {LDCE}
    mb_system_i/debug_AES_v1_3_0/U0/AES_Crypto_0/SubBytes_round/Bo_reg[66] {LDCE}
    mb_system_i/debug_AES_v1_3_0/U0/AES_Crypto_0/SubBytes_round/Bo_reg[67] {LDCE}
    mb_system_i/debug_AES_v1_3_0/U0/AES_Crypto_0/SubBytes_round/Bo_reg[68] {LDCE}

Related violations: <none>

PLHOLDVIO-2#24 Warning
Non-Optimal connections which could lead to hold violations  
A LUT mb_system_i/debug_AES_v1_3_0/Bo_reg[71]_i_1__0 is driving clock pin of 8 cells. This could lead to large hold time violations. First few involved cells are:
    mb_system_i/debug_AES_v1_3_0/U0/AES_Crypto_0/InvSubBytes_round/Bo_reg[64] {LDCE}
    mb_system_i/debug_AES_v1_3_0/U0/AES_Crypto_0/InvSubBytes_round/Bo_reg[65] {LDCE}
    mb_system_i/debug_AES_v1_3_0/U0/AES_Crypto_0/InvSubBytes_round/Bo_reg[66] {LDCE}
    mb_system_i/debug_AES_v1_3_0/U0/AES_Crypto_0/InvSubBytes_round/Bo_reg[67] {LDCE}
    mb_system_i/debug_AES_v1_3_0/U0/AES_Crypto_0/InvSubBytes_round/Bo_reg[68] {LDCE}

Related violations: <none>

PLHOLDVIO-2#25 Warning
Non-Optimal connections which could lead to hold violations  
A LUT mb_system_i/debug_AES_v1_3_0/Bo_reg[79]_i_1 is driving clock pin of 8 cells. This could lead to large hold time violations. First few involved cells are:
    mb_system_i/debug_AES_v1_3_0/U0/AES_Crypto_0/SubBytes_round/Bo_reg[72] {LDCE}
    mb_system_i/debug_AES_v1_3_0/U0/AES_Crypto_0/SubBytes_round/Bo_reg[73] {LDCE}
    mb_system_i/debug_AES_v1_3_0/U0/AES_Crypto_0/SubBytes_round/Bo_reg[74] {LDCE}
    mb_system_i/debug_AES_v1_3_0/U0/AES_Crypto_0/SubBytes_round/Bo_reg[75] {LDCE}
    mb_system_i/debug_AES_v1_3_0/U0/AES_Crypto_0/SubBytes_round/Bo_reg[76] {LDCE}

Related violations: <none>

PLHOLDVIO-2#26 Warning
Non-Optimal connections which could lead to hold violations  
A LUT mb_system_i/debug_AES_v1_3_0/Bo_reg[79]_i_1__0 is driving clock pin of 8 cells. This could lead to large hold time violations. First few involved cells are:
    mb_system_i/debug_AES_v1_3_0/U0/AES_Crypto_0/InvSubBytes_round/Bo_reg[72] {LDCE}
    mb_system_i/debug_AES_v1_3_0/U0/AES_Crypto_0/InvSubBytes_round/Bo_reg[73] {LDCE}
    mb_system_i/debug_AES_v1_3_0/U0/AES_Crypto_0/InvSubBytes_round/Bo_reg[74] {LDCE}
    mb_system_i/debug_AES_v1_3_0/U0/AES_Crypto_0/InvSubBytes_round/Bo_reg[75] {LDCE}
    mb_system_i/debug_AES_v1_3_0/U0/AES_Crypto_0/InvSubBytes_round/Bo_reg[76] {LDCE}

Related violations: <none>

PLHOLDVIO-2#27 Warning
Non-Optimal connections which could lead to hold violations  
A LUT mb_system_i/debug_AES_v1_3_0/Bo_reg[7]_i_1 is driving clock pin of 8 cells. This could lead to large hold time violations. First few involved cells are:
    mb_system_i/debug_AES_v1_3_0/U0/AES_Crypto_0/SubBytes_round/Bo_reg[0] {LDCE}
    mb_system_i/debug_AES_v1_3_0/U0/AES_Crypto_0/SubBytes_round/Bo_reg[1] {LDCE}
    mb_system_i/debug_AES_v1_3_0/U0/AES_Crypto_0/SubBytes_round/Bo_reg[2] {LDCE}
    mb_system_i/debug_AES_v1_3_0/U0/AES_Crypto_0/SubBytes_round/Bo_reg[3] {LDCE}
    mb_system_i/debug_AES_v1_3_0/U0/AES_Crypto_0/SubBytes_round/Bo_reg[4] {LDCE}

Related violations: <none>

PLHOLDVIO-2#28 Warning
Non-Optimal connections which could lead to hold violations  
A LUT mb_system_i/debug_AES_v1_3_0/Bo_reg[7]_i_1__0 is driving clock pin of 8 cells. This could lead to large hold time violations. First few involved cells are:
    mb_system_i/debug_AES_v1_3_0/U0/AES_Crypto_0/InvSubBytes_round/Bo_reg[0] {LDCE}
    mb_system_i/debug_AES_v1_3_0/U0/AES_Crypto_0/InvSubBytes_round/Bo_reg[1] {LDCE}
    mb_system_i/debug_AES_v1_3_0/U0/AES_Crypto_0/InvSubBytes_round/Bo_reg[2] {LDCE}
    mb_system_i/debug_AES_v1_3_0/U0/AES_Crypto_0/InvSubBytes_round/Bo_reg[3] {LDCE}
    mb_system_i/debug_AES_v1_3_0/U0/AES_Crypto_0/InvSubBytes_round/Bo_reg[4] {LDCE}

Related violations: <none>

PLHOLDVIO-2#29 Warning
Non-Optimal connections which could lead to hold violations  
A LUT mb_system_i/debug_AES_v1_3_0/Bo_reg[87]_i_1 is driving clock pin of 8 cells. This could lead to large hold time violations. First few involved cells are:
    mb_system_i/debug_AES_v1_3_0/U0/AES_Crypto_0/SubBytes_round/Bo_reg[80] {LDCE}
    mb_system_i/debug_AES_v1_3_0/U0/AES_Crypto_0/SubBytes_round/Bo_reg[81] {LDCE}
    mb_system_i/debug_AES_v1_3_0/U0/AES_Crypto_0/SubBytes_round/Bo_reg[82] {LDCE}
    mb_system_i/debug_AES_v1_3_0/U0/AES_Crypto_0/SubBytes_round/Bo_reg[83] {LDCE}
    mb_system_i/debug_AES_v1_3_0/U0/AES_Crypto_0/SubBytes_round/Bo_reg[84] {LDCE}

Related violations: <none>

PLHOLDVIO-2#30 Warning
Non-Optimal connections which could lead to hold violations  
A LUT mb_system_i/debug_AES_v1_3_0/Bo_reg[87]_i_1__0 is driving clock pin of 8 cells. This could lead to large hold time violations. First few involved cells are:
    mb_system_i/debug_AES_v1_3_0/U0/AES_Crypto_0/InvSubBytes_round/Bo_reg[80] {LDCE}
    mb_system_i/debug_AES_v1_3_0/U0/AES_Crypto_0/InvSubBytes_round/Bo_reg[81] {LDCE}
    mb_system_i/debug_AES_v1_3_0/U0/AES_Crypto_0/InvSubBytes_round/Bo_reg[82] {LDCE}
    mb_system_i/debug_AES_v1_3_0/U0/AES_Crypto_0/InvSubBytes_round/Bo_reg[83] {LDCE}
    mb_system_i/debug_AES_v1_3_0/U0/AES_Crypto_0/InvSubBytes_round/Bo_reg[84] {LDCE}

Related violations: <none>

PLHOLDVIO-2#31 Warning
Non-Optimal connections which could lead to hold violations  
A LUT mb_system_i/debug_AES_v1_3_0/Bo_reg[95]_i_1 is driving clock pin of 8 cells. This could lead to large hold time violations. First few involved cells are:
    mb_system_i/debug_AES_v1_3_0/U0/AES_Crypto_0/SubBytes_round/Bo_reg[88] {LDCE}
    mb_system_i/debug_AES_v1_3_0/U0/AES_Crypto_0/SubBytes_round/Bo_reg[89] {LDCE}
    mb_system_i/debug_AES_v1_3_0/U0/AES_Crypto_0/SubBytes_round/Bo_reg[90] {LDCE}
    mb_system_i/debug_AES_v1_3_0/U0/AES_Crypto_0/SubBytes_round/Bo_reg[91] {LDCE}
    mb_system_i/debug_AES_v1_3_0/U0/AES_Crypto_0/SubBytes_round/Bo_reg[92] {LDCE}

Related violations: <none>

PLHOLDVIO-2#32 Warning
Non-Optimal connections which could lead to hold violations  
A LUT mb_system_i/debug_AES_v1_3_0/Bo_reg[95]_i_1__0 is driving clock pin of 8 cells. This could lead to large hold time violations. First few involved cells are:
    mb_system_i/debug_AES_v1_3_0/U0/AES_Crypto_0/InvSubBytes_round/Bo_reg[88] {LDCE}
    mb_system_i/debug_AES_v1_3_0/U0/AES_Crypto_0/InvSubBytes_round/Bo_reg[89] {LDCE}
    mb_system_i/debug_AES_v1_3_0/U0/AES_Crypto_0/InvSubBytes_round/Bo_reg[90] {LDCE}
    mb_system_i/debug_AES_v1_3_0/U0/AES_Crypto_0/InvSubBytes_round/Bo_reg[91] {LDCE}
    mb_system_i/debug_AES_v1_3_0/U0/AES_Crypto_0/InvSubBytes_round/Bo_reg[92] {LDCE}

Related violations: <none>

REQP-1709#1 Warning
Clock output buffering  
PLLE2_ADV connectivity violation. The signal mb_system_i/mig_7series_0/u_mb_system_mig_7series_0_0_mig/u_ddr3_infrastructure/pll_clk3_out on the mb_system_i/mig_7series_0/u_mb_system_mig_7series_0_0_mig/u_ddr3_infrastructure/plle2_i/CLKOUT3 pin of mb_system_i/mig_7series_0/u_mb_system_mig_7series_0_0_mig/u_ddr3_infrastructure/plle2_i does not drive the same kind of BUFFER load as the other CLKOUT pins. Routing from the different buffer types will not be phase aligned.
Related violations: <none>

AVAL-4#1 Advisory
enum_USE_DPORT_FALSE_enum_DREG_0_connects_CED_GND  
mb_system_i/microblaze_0/U0/MicroBlaze_Core_I/Performance.Data_Flow_I/FPU_I/Use_FPU.FPU_MUL_I/Use_DSP48E.dsp_module_lower/Using_DSP48E1.DSP48E1_I1: DSP48E1 attribute USE_DPORT is set to FALSE. Set attribute DREG to 1 and tie CED to GND to save power.
Related violations: <none>

AVAL-4#2 Advisory
enum_USE_DPORT_FALSE_enum_DREG_0_connects_CED_GND  
mb_system_i/microblaze_0/U0/MicroBlaze_Core_I/Performance.Data_Flow_I/FPU_I/Use_FPU.FPU_MUL_I/Use_DSP48E.dsp_module_upper/Using_DSP48E1.DSP48E1_I1: DSP48E1 attribute USE_DPORT is set to FALSE. Set attribute DREG to 1 and tie CED to GND to save power.
Related violations: <none>

AVAL-4#3 Advisory
enum_USE_DPORT_FALSE_enum_DREG_0_connects_CED_GND  
mb_system_i/microblaze_0/U0/MicroBlaze_Core_I/Performance.Data_Flow_I/MUL_Unit_I/Use_HW_MUL.Using_DSP48_Architectures.No_MUL64.dsp_module_I2/Using_DSP48E1.DSP48E1_I1: DSP48E1 attribute USE_DPORT is set to FALSE. Set attribute DREG to 1 and tie CED to GND to save power.
Related violations: <none>

AVAL-4#4 Advisory
enum_USE_DPORT_FALSE_enum_DREG_0_connects_CED_GND  
mb_system_i/microblaze_0/U0/MicroBlaze_Core_I/Performance.Data_Flow_I/MUL_Unit_I/Use_HW_MUL.Using_DSP48_Architectures.No_MUL64.dsp_module_I3/Using_DSP48E1.DSP48E1_I1: DSP48E1 attribute USE_DPORT is set to FALSE. Set attribute DREG to 1 and tie CED to GND to save power.
Related violations: <none>

AVAL-4#5 Advisory
enum_USE_DPORT_FALSE_enum_DREG_0_connects_CED_GND  
mb_system_i/microblaze_0/U0/MicroBlaze_Core_I/Performance.Data_Flow_I/MUL_Unit_I/Use_HW_MUL.Using_DSP48_Architectures.dsp_module_I1/Using_DSP48E1.DSP48E1_I1: DSP48E1 attribute USE_DPORT is set to FALSE. Set attribute DREG to 1 and tie CED to GND to save power.
Related violations: <none>

RTSTAT-10#1 Advisory
No routable loads  
1 net(s) have no routable loads. The problem net(s) are mb_system_i/mig_7series_0/u_mb_system_mig_7series_0_0_mig/u_ddr3_infrastructure/auxout_clk_i.
Related violations: <none>


