19:06:25 INFO  : Processing command line option -hwspec C:/Projetos_git/repo/sdk_projects/project_uBlaze-AES/hw/mb_system.xml.
19:08:38 WARN  : Unable to obtain port 2350 for use by XMD, java.net.SocketException: Unrecognized Windows Sockets error: 0: JVM_Bind
19:08:38 WARN  : Unable to obtain port 2357 for use by XMD, java.net.SocketException: Unrecognized Windows Sockets error: 0: JVM_Bind
19:09:01 INFO  : FPGA configured successfully with bitstream "C:/Projetos_git/repo/sdk_projects/project_uBlaze-AES/hw_platform_0/download.bit"
19:11:20 INFO  : FPGA configured successfully with bitstream "C:/Projetos_git/repo/sdk_projects/project_uBlaze-AES/hw_platform_0/download.bit"
19:32:58 INFO  : FPGA configured successfully with bitstream "C:/Projetos_git/repo/sdk_projects/project_uBlaze-AES/hw_platform_0/download.bit"
19:34:33 INFO  : FPGA configured successfully with bitstream "C:/Projetos_git/repo/sdk_projects/project_uBlaze-AES/hw_platform_0/download.bit"
19:35:56 INFO  : FPGA configured successfully with bitstream "C:/Projetos_git/repo/sdk_projects/project_uBlaze-AES/hw_platform_0/download.bit"
19:37:12 INFO  : FPGA configured successfully with bitstream "C:/Projetos_git/repo/sdk_projects/project_uBlaze-AES/hw_platform_0/download.bit"
19:38:42 INFO  : FPGA configured successfully with bitstream "C:/Projetos_git/repo/sdk_projects/project_uBlaze-AES/hw_platform_0/download.bit"
19:41:56 INFO  : FPGA configured successfully with bitstream "C:/Projetos_git/repo/sdk_projects/project_uBlaze-AES/hw_platform_0/download.bit"
19:42:49 INFO  : FPGA configured successfully with bitstream "C:/Projetos_git/repo/sdk_projects/project_uBlaze-AES/hw_platform_0/download.bit"
19:43:38 INFO  : FPGA configured successfully with bitstream "C:/Projetos_git/repo/sdk_projects/project_uBlaze-AES/hw_platform_0/download.bit"
19:45:07 INFO  : FPGA configured successfully with bitstream "C:/Projetos_git/repo/sdk_projects/project_uBlaze-AES/hw_platform_0/download.bit"
19:46:50 INFO  : FPGA configured successfully with bitstream "C:/Projetos_git/repo/sdk_projects/project_uBlaze-AES/hw_platform_0/download.bit"
19:49:03 INFO  : FPGA configured successfully with bitstream "C:/Projetos_git/repo/sdk_projects/project_uBlaze-AES/hw_platform_0/download.bit"
19:51:38 INFO  : FPGA configured successfully with bitstream "C:/Projetos_git/repo/sdk_projects/project_uBlaze-AES/hw_platform_0/download.bit"
19:55:11 INFO  : FPGA configured successfully with bitstream "C:/Projetos_git/repo/sdk_projects/project_uBlaze-AES/hw_platform_0/download.bit"
19:56:29 INFO  : FPGA configured successfully with bitstream "C:/Projetos_git/repo/sdk_projects/project_uBlaze-AES/hw_platform_0/download.bit"
20:01:37 INFO  : FPGA configured successfully with bitstream "C:/Projetos_git/repo/sdk_projects/project_uBlaze-AES/hw_platform_0/download.bit"
20:39:02 ERROR : Unexpected error while parsing XMD response ?: com.google.gson.JsonSyntaxException: com.google.gson.stream.MalformedJsonException: invalid number or unquoted string near 
17:19:52 INFO  : Processing command line option -hwspec C:/Projetos_git/repo/sdk_projects/project_uBlaze-AES/hw/mb_system.xml.
17:19:54 INFO  : The hardware specification for project 'hw_platform_0' is different from C:/Projetos_git/repo/sdk_projects/project_uBlaze-AES/hw/mb_system.xml.
17:19:54 INFO  : Copied contents of C:/Projetos_git/repo/sdk_projects/project_uBlaze-AES/hw/mb_system.xml into \hw_platform_0\system.xml.
17:19:58 INFO  : Updating .bit and .bmm files from XPS's export folder.
17:20:03 INFO  : Copied contents of C:\Projetos_git\repo\sdk_projects\project_uBlaze-AES\hw\mb_system_wrapper.bit into \hw_platform_0\mb_system_wrapper.bit.
17:20:03 INFO  : Copied contents of C:\Projetos_git\repo\sdk_projects\project_uBlaze-AES\hw\mb_system_wrapper_bd.bmm into \hw_platform_0\mb_system_wrapper_bd.bmm.
17:20:03 INFO  : Copied contents of C:\Projetos_git\repo\sdk_projects\project_uBlaze-AES\hw\mb_system_wrapper.bit into \hw_platform_0\mb_system_wrapper.bit.
17:20:03 INFO  : Copied contents of C:\Projetos_git\repo\sdk_projects\project_uBlaze-AES\hw\mb_system_wrapper_bd.bmm into \hw_platform_0\mb_system_wrapper_bd.bmm.
17:20:10 INFO  : Synchronizing projects in the workspace with the hardware platform specification changes.
17:20:13 INFO  : 
17:20:13 INFO  : Updating hardware inferred compiler options for AES_tests.
17:20:13 INFO  : Clearing existing target manager status.
17:20:46 INFO  : FPGA configured successfully with bitstream "C:/Projetos_git/repo/sdk_projects/project_uBlaze-AES/hw_platform_0/download.bit"
17:23:11 INFO  : FPGA configured successfully with bitstream "C:/Projetos_git/repo/sdk_projects/project_uBlaze-AES/hw_platform_0/download.bit"
17:50:03 ERROR : Unexpected error while parsing XMD response ?: com.google.gson.JsonSyntaxException: com.google.gson.stream.MalformedJsonException: invalid number or unquoted string near 
16:47:08 INFO  : Processing command line option -hwspec C:/Projetos_git/repo/sdk_projects/project_uBlaze-AES/hw/mb_system.xml.
16:47:20 INFO  : The hardware specification for project 'hw_platform_0' is different from C:/Projetos_git/repo/sdk_projects/project_uBlaze-AES/hw/mb_system.xml.
16:47:20 INFO  : Copied contents of C:/Projetos_git/repo/sdk_projects/project_uBlaze-AES/hw/mb_system.xml into \hw_platform_0\system.xml.
16:47:21 INFO  : Updating .bit and .bmm files from XPS's export folder.
16:47:40 INFO  : Copied contents of C:\Projetos_git\repo\sdk_projects\project_uBlaze-AES\hw\mb_system_wrapper.bit into \hw_platform_0\mb_system_wrapper.bit.
16:47:40 INFO  : Copied contents of C:\Projetos_git\repo\sdk_projects\project_uBlaze-AES\hw\mb_system_wrapper_bd.bmm into \hw_platform_0\mb_system_wrapper_bd.bmm.
16:47:40 INFO  : Copied contents of C:\Projetos_git\repo\sdk_projects\project_uBlaze-AES\hw\mb_system_wrapper.bit into \hw_platform_0\mb_system_wrapper.bit.
16:47:40 INFO  : Copied contents of C:\Projetos_git\repo\sdk_projects\project_uBlaze-AES\hw\mb_system_wrapper_bd.bmm into \hw_platform_0\mb_system_wrapper_bd.bmm.
16:47:46 INFO  : Synchronizing projects in the workspace with the hardware platform specification changes.
16:47:48 INFO  : 
16:47:49 INFO  : Updating hardware inferred compiler options for AES_tests.
16:47:49 INFO  : Clearing existing target manager status.
16:48:14 INFO  : FPGA configured successfully with bitstream "C:/Projetos_git/repo/sdk_projects/project_uBlaze-AES/hw_platform_0/download.bit"
18:49:51 ERROR : Unexpected error while parsing XMD response ?: com.google.gson.JsonSyntaxException: com.google.gson.stream.MalformedJsonException: invalid number or unquoted string near 
16:24:56 INFO  : Processing command line option -hwspec C:/Projetos_git/repo/sdk_projects/project_uBlaze-AES/hw/mb_system.xml.
16:25:14 INFO  : The hardware specification for project 'hw_platform_0' is different from C:/Projetos_git/repo/sdk_projects/project_uBlaze-AES/hw/mb_system.xml.
16:25:14 INFO  : Copied contents of C:/Projetos_git/repo/sdk_projects/project_uBlaze-AES/hw/mb_system.xml into \hw_platform_0\system.xml.
16:25:18 INFO  : Updating .bit and .bmm files from XPS's export folder.
16:25:31 INFO  : Copied contents of C:\Projetos_git\repo\sdk_projects\project_uBlaze-AES\hw\mb_system_wrapper.bit into \hw_platform_0\mb_system_wrapper.bit.
16:25:31 INFO  : Copied contents of C:\Projetos_git\repo\sdk_projects\project_uBlaze-AES\hw\mb_system_wrapper_bd.bmm into \hw_platform_0\mb_system_wrapper_bd.bmm.
16:25:31 INFO  : Copied contents of C:\Projetos_git\repo\sdk_projects\project_uBlaze-AES\hw\mb_system_wrapper.bit into \hw_platform_0\mb_system_wrapper.bit.
16:25:31 INFO  : Copied contents of C:\Projetos_git\repo\sdk_projects\project_uBlaze-AES\hw\mb_system_wrapper_bd.bmm into \hw_platform_0\mb_system_wrapper_bd.bmm.
16:25:40 INFO  : Synchronizing projects in the workspace with the hardware platform specification changes.
16:25:41 INFO  : 
16:25:42 INFO  : Updating hardware inferred compiler options for AES_tests.
16:25:42 INFO  : Clearing existing target manager status.
16:26:30 INFO  : FPGA configured successfully with bitstream "C:/Projetos_git/repo/sdk_projects/project_uBlaze-AES/hw_platform_0/download.bit"
16:28:44 INFO  : FPGA configured successfully with bitstream "C:/Projetos_git/repo/sdk_projects/project_uBlaze-AES/hw_platform_0/download.bit"
16:44:52 INFO  : FPGA configured successfully with bitstream "C:/Projetos_git/repo/sdk_projects/project_uBlaze-AES/hw_platform_0/download.bit"
16:46:15 INFO  : FPGA configured successfully with bitstream "C:/Projetos_git/repo/sdk_projects/project_uBlaze-AES/hw_platform_0/download.bit"
16:48:06 INFO  : FPGA configured successfully with bitstream "C:/Projetos_git/repo/sdk_projects/project_uBlaze-AES/hw_platform_0/download.bit"
16:50:02 INFO  : FPGA configured successfully with bitstream "C:/Projetos_git/repo/sdk_projects/project_uBlaze-AES/hw_platform_0/download.bit"
16:51:10 INFO  : FPGA configured successfully with bitstream "C:/Projetos_git/repo/sdk_projects/project_uBlaze-AES/hw_platform_0/download.bit"
16:52:10 INFO  : FPGA configured successfully with bitstream "C:/Projetos_git/repo/sdk_projects/project_uBlaze-AES/hw_platform_0/download.bit"
16:53:23 INFO  : FPGA configured successfully with bitstream "C:/Projetos_git/repo/sdk_projects/project_uBlaze-AES/hw_platform_0/download.bit"
16:58:34 INFO  : FPGA configured successfully with bitstream "C:/Projetos_git/repo/sdk_projects/project_uBlaze-AES/hw_platform_0/download.bit"
17:04:04 INFO  : FPGA configured successfully with bitstream "C:/Projetos_git/repo/sdk_projects/project_uBlaze-AES/hw_platform_0/download.bit"
17:06:32 INFO  : FPGA configured successfully with bitstream "C:/Projetos_git/repo/sdk_projects/project_uBlaze-AES/hw_platform_0/download.bit"
17:13:29 INFO  : FPGA configured successfully with bitstream "C:/Projetos_git/repo/sdk_projects/project_uBlaze-AES/hw_platform_0/download.bit"
17:22:24 INFO  : FPGA configured successfully with bitstream "C:/Projetos_git/repo/sdk_projects/project_uBlaze-AES/hw_platform_0/download.bit"
17:57:26 INFO  : FPGA configured successfully with bitstream "C:/Projetos_git/repo/sdk_projects/project_uBlaze-AES/hw_platform_0/download.bit"
17:58:47 INFO  : FPGA configured successfully with bitstream "C:/Projetos_git/repo/sdk_projects/project_uBlaze-AES/hw_platform_0/download.bit"
18:01:09 INFO  : FPGA configured successfully with bitstream "C:/Projetos_git/repo/sdk_projects/project_uBlaze-AES/hw_platform_0/download.bit"
18:05:44 INFO  : FPGA configured successfully with bitstream "C:/Projetos_git/repo/sdk_projects/project_uBlaze-AES/hw_platform_0/download.bit"
18:23:31 INFO  : FPGA configured successfully with bitstream "C:/Projetos_git/repo/sdk_projects/project_uBlaze-AES/hw_platform_0/download.bit"
18:27:11 INFO  : FPGA configured successfully with bitstream "C:/Projetos_git/repo/sdk_projects/project_uBlaze-AES/hw_platform_0/download.bit"
19:40:38 ERROR : Unexpected error while parsing XMD response ?: com.google.gson.JsonSyntaxException: com.google.gson.stream.MalformedJsonException: invalid number or unquoted string near 
19:41:16 INFO  : Processing command line option -hwspec C:/Projetos_git/repo/sdk_projects/project_uBlaze-AES/hw/mb_system.xml.
19:41:42 INFO  : The hardware specification for project 'hw_platform_0' is different from C:/Projetos_git/repo/sdk_projects/project_uBlaze-AES/hw/mb_system.xml.
19:41:42 INFO  : Copied contents of C:/Projetos_git/repo/sdk_projects/project_uBlaze-AES/hw/mb_system.xml into \hw_platform_0\system.xml.
19:41:43 INFO  : Updating .bit and .bmm files from XPS's export folder.
19:41:54 INFO  : Copied contents of C:\Projetos_git\repo\sdk_projects\project_uBlaze-AES\hw\mb_system_wrapper.bit into \hw_platform_0\mb_system_wrapper.bit.
19:41:54 INFO  : Copied contents of C:\Projetos_git\repo\sdk_projects\project_uBlaze-AES\hw\mb_system_wrapper_bd.bmm into \hw_platform_0\mb_system_wrapper_bd.bmm.
19:41:54 INFO  : Copied contents of C:\Projetos_git\repo\sdk_projects\project_uBlaze-AES\hw\mb_system_wrapper.bit into \hw_platform_0\mb_system_wrapper.bit.
19:41:54 INFO  : Copied contents of C:\Projetos_git\repo\sdk_projects\project_uBlaze-AES\hw\mb_system_wrapper_bd.bmm into \hw_platform_0\mb_system_wrapper_bd.bmm.
19:42:01 INFO  : Synchronizing projects in the workspace with the hardware platform specification changes.
19:42:02 INFO  : 
19:42:03 INFO  : Updating hardware inferred compiler options for AES_tests.
19:42:03 INFO  : Clearing existing target manager status.
19:43:01 INFO  : FPGA configured successfully with bitstream "C:/Projetos_git/repo/sdk_projects/project_uBlaze-AES/hw_platform_0/download.bit"
21:32:26 ERROR : Unexpected error while parsing XMD response ?: com.google.gson.JsonSyntaxException: com.google.gson.stream.MalformedJsonException: invalid number or unquoted string near 
21:32:53 INFO  : Processing command line option -hwspec C:/Projetos_git/repo/sdk_projects/project_uBlaze-AES/hw/mb_system.xml.
21:33:10 INFO  : The hardware specification for project 'hw_platform_0' is different from C:/Projetos_git/repo/sdk_projects/project_uBlaze-AES/hw/mb_system.xml.
21:33:10 INFO  : Copied contents of C:/Projetos_git/repo/sdk_projects/project_uBlaze-AES/hw/mb_system.xml into \hw_platform_0\system.xml.
21:33:11 INFO  : Updating .bit and .bmm files from XPS's export folder.
21:33:20 INFO  : Copied contents of C:\Projetos_git\repo\sdk_projects\project_uBlaze-AES\hw\mb_system_wrapper.bit into \hw_platform_0\mb_system_wrapper.bit.
21:33:20 INFO  : Copied contents of C:\Projetos_git\repo\sdk_projects\project_uBlaze-AES\hw\mb_system_wrapper_bd.bmm into \hw_platform_0\mb_system_wrapper_bd.bmm.
21:33:20 INFO  : Copied contents of C:\Projetos_git\repo\sdk_projects\project_uBlaze-AES\hw\mb_system_wrapper.bit into \hw_platform_0\mb_system_wrapper.bit.
21:33:20 INFO  : Copied contents of C:\Projetos_git\repo\sdk_projects\project_uBlaze-AES\hw\mb_system_wrapper_bd.bmm into \hw_platform_0\mb_system_wrapper_bd.bmm.
21:33:27 INFO  : Synchronizing projects in the workspace with the hardware platform specification changes.
21:33:28 INFO  : 
21:33:29 INFO  : Updating hardware inferred compiler options for AES_tests.
21:33:29 INFO  : Clearing existing target manager status.
21:33:58 INFO  : FPGA configured successfully with bitstream "C:/Projetos_git/repo/sdk_projects/project_uBlaze-AES/hw_platform_0/download.bit"
