Vivado Simulator 2014.1
Copyright 1986-1999, 2001-2014 Xilinx, Inc. All Rights Reserved.
Running: C:/Xilinx/Vivado/2014.1/bin/unwrapped/win64.o/xelab.exe --debug typical --relax -L xil_defaultlib -L secureip --snapshot TB_myip_behav --prj C:/Projetos_git/repo/vivado_projects/debug_AES-IP/debug_AES-IP.sim/sim_1/behav/TB_myip.prj xil_defaultlib.TB_myip 
Multi-threading is on. Using 2 slave threads.
Determining compilation order of HDL files.
INFO: [VRFC 10-165] Analyzing Verilog file "C:/Xilinx/Vivado/2014.1/data/verilog/src/glbl.v" into library xil_defaultlib
INFO: [VRFC 10-311] analyzing module glbl
INFO: [VRFC 10-163] Analyzing VHDL file "C:/Projetos_git/repo/vivado_projects/debug_AES-IP/debug_AES-IP.srcs/sources_1/imports/imports/sources_1/imports/project_TCC_v1.srcs/sources_1/new/Mux_2x1.vhd" into library xil_defaultlib
INFO: [VRFC 10-163] Analyzing VHDL file "C:/Projetos_git/repo/vivado_projects/debug_AES-IP/debug_AES-IP.srcs/sources_1/imports/imports/sources_1/new/DeMux_1x2.vhd" into library xil_defaultlib
INFO: [VRFC 10-163] Analyzing VHDL file "C:/Projetos_git/repo/vivado_projects/debug_AES-IP/debug_AES-IP.srcs/sources_1/imports/imports/sources_1/new/Control.vhd" into library xil_defaultlib
INFO: [VRFC 10-163] Analyzing VHDL file "C:/Projetos_git/repo/vivado_projects/debug_AES-IP/debug_AES-IP.srcs/sources_1/imports/imports/sources_1/new/Clock_div32.vhd" into library xil_defaultlib
INFO: [VRFC 10-163] Analyzing VHDL file "C:/Projetos_git/repo/vivado_projects/debug_AES-IP/debug_AES-IP.srcs/sources_1/imports/imports/sources_1/imports/project_TCC_v1.srcs/sources_1/new/SubBytes.vhd" into library xil_defaultlib
INFO: [VRFC 10-163] Analyzing VHDL file "C:/Projetos_git/repo/vivado_projects/debug_AES-IP/debug_AES-IP.srcs/sources_1/imports/imports/sources_1/imports/project_TCC_v1.srcs/sources_1/new/ShiftRows.vhd" into library xil_defaultlib
INFO: [VRFC 10-163] Analyzing VHDL file "C:/Projetos_git/repo/vivado_projects/debug_AES-IP/debug_AES-IP.srcs/sources_1/imports/imports/sources_1/imports/project_TCC_v1.srcs/sources_1/new/MixColumns.vhd" into library xil_defaultlib
INFO: [VRFC 10-163] Analyzing VHDL file "C:/Projetos_git/repo/vivado_projects/debug_AES-IP/debug_AES-IP.srcs/sources_1/imports/imports/sources_1/imports/project_TCC_v1.srcs/sources_1/new/KeyExpansion.vhd" into library xil_defaultlib
INFO: [VRFC 10-163] Analyzing VHDL file "C:/Projetos_git/repo/vivado_projects/debug_AES-IP/debug_AES-IP.srcs/sources_1/imports/imports/sources_1/imports/project_TCC_v1.srcs/sources_1/new/InvSubBytes.vhd" into library xil_defaultlib
INFO: [VRFC 10-163] Analyzing VHDL file "C:/Projetos_git/repo/vivado_projects/debug_AES-IP/debug_AES-IP.srcs/sources_1/imports/imports/sources_1/imports/project_TCC_v1.srcs/sources_1/new/InvShiftRows.vhd" into library xil_defaultlib
INFO: [VRFC 10-163] Analyzing VHDL file "C:/Projetos_git/repo/vivado_projects/debug_AES-IP/debug_AES-IP.srcs/sources_1/imports/imports/sources_1/imports/project_TCC_v1.srcs/sources_1/new/InvMixColumns.vhd" into library xil_defaultlib
INFO: [VRFC 10-163] Analyzing VHDL file "C:/Projetos_git/repo/vivado_projects/debug_AES-IP/debug_AES-IP.srcs/sources_1/imports/imports/sources_1/imports/project_TCC_v1.srcs/sources_1/new/AddKey.vhd" into library xil_defaultlib
INFO: [VRFC 10-163] Analyzing VHDL file "C:/Projetos_git/repo/vivado_projects/debug_AES-IP/debug_AES-IP.srcs/sources_1/imports/imports/sources_1/imports/hdl/myip_lite_v1_0_S00_AXI.vhd" into library xil_defaultlib
INFO: [VRFC 10-163] Analyzing VHDL file "C:/Projetos_git/repo/vivado_projects/debug_AES-IP/debug_AES-IP.srcs/sources_1/imports/imports/new/AES_Crypto.vhd" into library xil_defaultlib
INFO: [VRFC 10-163] Analyzing VHDL file "C:/Projetos_git/repo/vivado_projects/debug_AES-IP/debug_AES-IP.srcs/sources_1/imports/imports/sources_1/imports/hdl/myip_lite_v1_0.vhd" into library xil_defaultlib
INFO: [VRFC 10-163] Analyzing VHDL file "C:/Projetos_git/repo/vivado_projects/debug_AES-IP/debug_AES-IP.srcs/sim_1/imports/new/TB_myip.vhd" into library xil_defaultlib
Starting static elaboration
Completed static elaboration
Starting simulation data flow analysis
Completed simulation data flow analysis
Time Resolution for simulation is 1ps
Compiling package std.standard
Compiling package ieee.std_logic_1164
Compiling package ieee.std_logic_arith
Compiling package ieee.std_logic_unsigned
Compiling package ieee.std_logic_signed
Compiling architecture rtl of entity xil_defaultlib.DeMux_1x2 [demux_1x2_default]
Compiling architecture arch_imp of entity xil_defaultlib.myip_lite_v1_0_S00_AXI [\myip_lite_v1_0_S00_AXI(32,7)\]
Compiling architecture rtl of entity xil_defaultlib.Clock_div32 [clock_div32_default]
Compiling architecture behavioral of entity xil_defaultlib.KeyExpansion [keyexpansion_default]
Compiling architecture rtl of entity xil_defaultlib.AddKey [addkey_default]
Compiling architecture rtl of entity xil_defaultlib.SubBytes [subbytes_default]
Compiling architecture rtl of entity xil_defaultlib.ShiftRows [shiftrows_default]
Compiling architecture rtl of entity xil_defaultlib.MixColumns [mixcolumns_default]
Compiling architecture rtl of entity xil_defaultlib.Mux_2x1 [mux_2x1_default]
Compiling architecture rtl_structural of entity xil_defaultlib.Control [control_default]
Compiling architecture behavioral of entity xil_defaultlib.InvSubBytes [invsubbytes_default]
Compiling architecture behavioral of entity xil_defaultlib.InvShiftRows [invshiftrows_default]
Compiling architecture behavioral of entity xil_defaultlib.InvMixColumns [invmixcolumns_default]
Compiling architecture structural of entity xil_defaultlib.AES_Crypto [aes_crypto_default]
Compiling architecture arch_imp of entity xil_defaultlib.myip_lite_v1_0 [\myip_lite_v1_0(32,7)\]
Compiling architecture simulation of entity xil_defaultlib.tb_myip
Waiting for 2 sub-compilation(s) to finish...
Built simulation snapshot TB_myip_behav
