17:31:56 **** Build of project AES_tests_bsp ****
make -k all 
cp -f microblaze_0/lib/libxil_init.a microblaze_0/lib/libxil.a
"Running Make include in microblaze_0/libsrc/bram_v4_0/src"
make -C microblaze_0/libsrc/bram_v4_0/src -s include -e "SHELL=CMD" "COMPILER=mb-gcc" "ARCHIVER=mb-ar" "COMPILER_FLAGS= -O2 -c -mcpu=v9.3 -mhard-float -mlittle-endian -mno-xl-soft-div -mno-xl-soft-mul -mxl-barrel-shift" "EXTRA_COMPILER_FLAGS=-g -ffunction-sections -fdata-sections"
"Running Make include in microblaze_0/libsrc/cpu_v2_0/src"
make -C microblaze_0/libsrc/cpu_v2_0/src -s include -e "SHELL=CMD" "COMPILER=mb-gcc" "ARCHIVER=mb-ar" "COMPILER_FLAGS= -O2 -c -mcpu=v9.3 -mhard-float -mlittle-endian -mno-xl-soft-div -mno-xl-soft-mul -mxl-barrel-shift" "EXTRA_COMPILER_FLAGS=-g -ffunction-sections -fdata-sections"
"Running Make include in microblaze_0/libsrc/intc_v3_0/src"
make -C microblaze_0/libsrc/intc_v3_0/src -s include -e "SHELL=CMD" "COMPILER=mb-gcc" "ARCHIVER=mb-ar" "COMPILER_FLAGS= -O2 -c -mcpu=v9.3 -mhard-float -mlittle-endian -mno-xl-soft-div -mno-xl-soft-mul -mxl-barrel-shift" "EXTRA_COMPILER_FLAGS=-g -ffunction-sections -fdata-sections"
"Running Make include in microblaze_0/libsrc/standalone_v4_0/src"
make -C microblaze_0/libsrc/standalone_v4_0/src -s include -e "SHELL=CMD" "COMPILER=mb-gcc" "ARCHIVER=mb-ar" "COMPILER_FLAGS= -O2 -c -mcpu=v9.3 -mhard-float -mlittle-endian -mno-xl-soft-div -mno-xl-soft-mul -mxl-barrel-shift" "EXTRA_COMPILER_FLAGS=-g -ffunction-sections -fdata-sections"
make[2]: Entering directory `C:/Projetos_git/repo/vivado_projects/project_ug940-comAES_Crypto/tutorial_ug940.sdk/SDK/SDK_Export/AES_tests_bsp/microblaze_0/libsrc/standalone_v4_0/src/profile'
cp -rf profile.h mblaze_nt_types.h _profile_timer_hw.h ../../../../include
make[2]: Leaving directory `C:/Projetos_git/repo/vivado_projects/project_ug940-comAES_Crypto/tutorial_ug940.sdk/SDK/SDK_Export/AES_tests_bsp/microblaze_0/libsrc/standalone_v4_0/src/profile'
"Running Make include in microblaze_0/libsrc/tmrctr_v3_0/src"
make -C microblaze_0/libsrc/tmrctr_v3_0/src -s include -e "SHELL=CMD" "COMPILER=mb-gcc" "ARCHIVER=mb-ar" "COMPILER_FLAGS= -O2 -c -mcpu=v9.3 -mhard-float -mlittle-endian -mno-xl-soft-div -mno-xl-soft-mul -mxl-barrel-shift" "EXTRA_COMPILER_FLAGS=-g -ffunction-sections -fdata-sections"
"Running Make include in microblaze_0/libsrc/uartlite_v3_0/src"
make -C microblaze_0/libsrc/uartlite_v3_0/src -s include -e "SHELL=CMD" "COMPILER=mb-gcc" "ARCHIVER=mb-ar" "COMPILER_FLAGS= -O2 -c -mcpu=v9.3 -mhard-float -mlittle-endian -mno-xl-soft-div -mno-xl-soft-mul -mxl-barrel-shift" "EXTRA_COMPILER_FLAGS=-g -ffunction-sections -fdata-sections"
"Running Make libs in microblaze_0/libsrc/bram_v4_0/src"
make -C microblaze_0/libsrc/bram_v4_0/src -s libs -e "SHELL=CMD" "COMPILER=mb-gcc" "ARCHIVER=mb-ar" "COMPILER_FLAGS= -O2 -c -mcpu=v9.3 -mhard-float -mlittle-endian -mno-xl-soft-div -mno-xl-soft-mul -mxl-barrel-shift" "EXTRA_COMPILER_FLAGS=-g -ffunction-sections -fdata-sections"
"Compiling bram"
make[2]: Entering directory `C:/Projetos_git/repo/vivado_projects/project_ug940-comAES_Crypto/tutorial_ug940.sdk/SDK/SDK_Export/AES_tests_bsp/microblaze_0/libsrc/bram_v4_0/src'
rm -rf *.o 
make[2]: Leaving directory `C:/Projetos_git/repo/vivado_projects/project_ug940-comAES_Crypto/tutorial_ug940.sdk/SDK/SDK_Export/AES_tests_bsp/microblaze_0/libsrc/bram_v4_0/src'
"Running Make libs in microblaze_0/libsrc/cpu_v2_0/src"
make -C microblaze_0/libsrc/cpu_v2_0/src -s libs -e "SHELL=CMD" "COMPILER=mb-gcc" "ARCHIVER=mb-ar" "COMPILER_FLAGS= -O2 -c -mcpu=v9.3 -mhard-float -mlittle-endian -mno-xl-soft-div -mno-xl-soft-mul -mxl-barrel-shift" "EXTRA_COMPILER_FLAGS=-g -ffunction-sections -fdata-sections"
"Compiling cpu"
make[2]: Entering directory `C:/Projetos_git/repo/vivado_projects/project_ug940-comAES_Crypto/tutorial_ug940.sdk/SDK/SDK_Export/AES_tests_bsp/microblaze_0/libsrc/cpu_v2_0/src'
rm -rf *.o
make[2]: Leaving directory `C:/Projetos_git/repo/vivado_projects/project_ug940-comAES_Crypto/tutorial_ug940.sdk/SDK/SDK_Export/AES_tests_bsp/microblaze_0/libsrc/cpu_v2_0/src'
"Running Make libs in microblaze_0/libsrc/intc_v3_0/src"
make -C microblaze_0/libsrc/intc_v3_0/src -s libs -e "SHELL=CMD" "COMPILER=mb-gcc" "ARCHIVER=mb-ar" "COMPILER_FLAGS= -O2 -c -mcpu=v9.3 -mhard-float -mlittle-endian -mno-xl-soft-div -mno-xl-soft-mul -mxl-barrel-shift" "EXTRA_COMPILER_FLAGS=-g -ffunction-sections -fdata-sections"
"Compiling intc"
make[2]: Entering directory `C:/Projetos_git/repo/vivado_projects/project_ug940-comAES_Crypto/tutorial_ug940.sdk/SDK/SDK_Export/AES_tests_bsp/microblaze_0/libsrc/intc_v3_0/src'
rm -rf *.o 
make[2]: Leaving directory `C:/Projetos_git/repo/vivado_projects/project_ug940-comAES_Crypto/tutorial_ug940.sdk/SDK/SDK_Export/AES_tests_bsp/microblaze_0/libsrc/intc_v3_0/src'
"Running Make libs in microblaze_0/libsrc/standalone_v4_0/src"
make -C microblaze_0/libsrc/standalone_v4_0/src -s libs -e "SHELL=CMD" "COMPILER=mb-gcc" "ARCHIVER=mb-ar" "COMPILER_FLAGS= -O2 -c -mcpu=v9.3 -mhard-float -mlittle-endian -mno-xl-soft-div -mno-xl-soft-mul -mxl-barrel-shift" "EXTRA_COMPILER_FLAGS=-g -ffunction-sections -fdata-sections"
"Compiling standalone";
"Running Make libs in microblaze_0/libsrc/tmrctr_v3_0/src"
make -C microblaze_0/libsrc/tmrctr_v3_0/src -s libs -e "SHELL=CMD" "COMPILER=mb-gcc" "ARCHIVER=mb-ar" "COMPILER_FLAGS= -O2 -c -mcpu=v9.3 -mhard-float -mlittle-endian -mno-xl-soft-div -mno-xl-soft-mul -mxl-barrel-shift" "EXTRA_COMPILER_FLAGS=-g -ffunction-sections -fdata-sections"
"Compiling tmrctr"
make[2]: Entering directory `C:/Projetos_git/repo/vivado_projects/project_ug940-comAES_Crypto/tutorial_ug940.sdk/SDK/SDK_Export/AES_tests_bsp/microblaze_0/libsrc/tmrctr_v3_0/src'
rm -rf *.o 
make[2]: Leaving directory `C:/Projetos_git/repo/vivado_projects/project_ug940-comAES_Crypto/tutorial_ug940.sdk/SDK/SDK_Export/AES_tests_bsp/microblaze_0/libsrc/tmrctr_v3_0/src'
"Running Make libs in microblaze_0/libsrc/uartlite_v3_0/src"
make -C microblaze_0/libsrc/uartlite_v3_0/src -s libs -e "SHELL=CMD" "COMPILER=mb-gcc" "ARCHIVER=mb-ar" "COMPILER_FLAGS= -O2 -c -mcpu=v9.3 -mhard-float -mlittle-endian -mno-xl-soft-div -mno-xl-soft-mul -mxl-barrel-shift" "EXTRA_COMPILER_FLAGS=-g -ffunction-sections -fdata-sections"
"Compiling uartlite"
make[2]: Entering directory `C:/Projetos_git/repo/vivado_projects/project_ug940-comAES_Crypto/tutorial_ug940.sdk/SDK/SDK_Export/AES_tests_bsp/microblaze_0/libsrc/uartlite_v3_0/src'
rm -rf *.o 
make[2]: Leaving directory `C:/Projetos_git/repo/vivado_projects/project_ug940-comAES_Crypto/tutorial_ug940.sdk/SDK/SDK_Export/AES_tests_bsp/microblaze_0/libsrc/uartlite_v3_0/src'
'Finished building libraries'
17:32:11 **** Build of configuration Debug for project AES_tests ****
make all 
'Building file: ../src/helloworld.c'
'Invoking: MicroBlaze gcc compiler'
mb-gcc -Wall -O0 -g3 -c -fmessage-length=0 -I../../AES_tests_bsp/microblaze_0/include -mlittle-endian -mxl-barrel-shift -mno-xl-soft-div -mcpu=v9.3 -mno-xl-soft-mul -mhard-float -Wl,--no-relax -ffunction-sections -fdata-sections -MMD -MP -MF"src/helloworld.d" -MT"src/helloworld.d" -o "src/helloworld.o" "../src/helloworld.c"
'Finished building: ../src/helloworld.c'
' '
'Building file: ../src/platform.c'
'Invoking: MicroBlaze gcc compiler'
mb-gcc -Wall -O0 -g3 -c -fmessage-length=0 -I../../AES_tests_bsp/microblaze_0/include -mlittle-endian -mxl-barrel-shift -mno-xl-soft-div -mcpu=v9.3 -mno-xl-soft-mul -mhard-float -Wl,--no-relax -ffunction-sections -fdata-sections -MMD -MP -MF"src/platform.d" -MT"src/platform.d" -o "src/platform.o" "../src/platform.c"
'Finished building: ../src/platform.c'
' '
'Building target: AES_tests.elf'
'Invoking: MicroBlaze gcc linker'
mb-gcc -Wl,-T -Wl,../src/lscript.ld -L../../AES_tests_bsp/microblaze_0/lib -mlittle-endian -mxl-barrel-shift -mno-xl-soft-div -mcpu=v9.3 -mno-xl-soft-mul -mhard-float -Wl,--no-relax -Wl,--gc-sections -o "AES_tests.elf"  ./src/helloworld.o ./src/platform.o   -Wl,--start-group,-lxil,-lgcc,-lc,--end-group
'Finished building target: AES_tests.elf'
' '
'Invoking: MicroBlaze Print Size'
mb-size AES_tests.elf  |tee "AES_tests.elf.size"
   text	   data	    bss	    dec	    hex	filename
   2436	    316	   2088	   4840	   12e8	AES_tests.elf
'Finished building: AES_tests.elf.size'
' '
17:33:08 **** Auto Build of configuration Debug for project AES_tests ****
make all 
'Building file: ../src/helloworld.c'
'Invoking: MicroBlaze gcc compiler'
mb-gcc -Wall -O0 -g3 -c -fmessage-length=0 -I../../AES_tests_bsp/microblaze_0/include -mlittle-endian -mxl-barrel-shift -mno-xl-soft-div -mcpu=v9.3 -mno-xl-soft-mul -mhard-float -Wl,--no-relax -ffunction-sections -fdata-sections -MMD -MP -MF"src/helloworld.d" -MT"src/helloworld.d" -o "src/helloworld.o" "../src/helloworld.c"
'Finished building: ../src/helloworld.c'
' '
'Building target: AES_tests.elf'
'Invoking: MicroBlaze gcc linker'
mb-gcc -Wl,-T -Wl,../src/lscript.ld -L../../AES_tests_bsp/microblaze_0/lib -mlittle-endian -mxl-barrel-shift -mno-xl-soft-div -mcpu=v9.3 -mno-xl-soft-mul -mhard-float -Wl,--no-relax -Wl,--gc-sections -o "AES_tests.elf"  ./src/helloworld.o ./src/platform.o   -Wl,--start-group,-lxil,-lgcc,-lc,--end-group
'Finished building target: AES_tests.elf'
' '
'Invoking: MicroBlaze Print Size'
mb-size AES_tests.elf  |tee "AES_tests.elf.size"
   text	   data	    bss	    dec	    hex	filename
  76616	   1484	   2164	  80264	  13988	AES_tests.elf
'Finished building: AES_tests.elf.size'
' '
17:34:13 **** Auto Build of project AES_tests_bsp ****
make -k all 
"Running Make include in microblaze_0/libsrc/bram_v4_0/src"
make -C microblaze_0/libsrc/bram_v4_0/src -s include -e "SHELL=CMD" "COMPILER=mb-gcc" "ARCHIVER=mb-ar" "COMPILER_FLAGS= -O2 -c -mcpu=v9.3 -mhard-float -mlittle-endian -mno-xl-soft-div -mno-xl-soft-mul -mxl-barrel-shift" "EXTRA_COMPILER_FLAGS=-g -ffunction-sections -fdata-sections"
"Running Make include in microblaze_0/libsrc/cpu_v2_0/src"
make -C microblaze_0/libsrc/cpu_v2_0/src -s include -e "SHELL=CMD" "COMPILER=mb-gcc" "ARCHIVER=mb-ar" "COMPILER_FLAGS= -O2 -c -mcpu=v9.3 -mhard-float -mlittle-endian -mno-xl-soft-div -mno-xl-soft-mul -mxl-barrel-shift" "EXTRA_COMPILER_FLAGS=-g -ffunction-sections -fdata-sections"
"Running Make include in microblaze_0/libsrc/intc_v3_0/src"
make -C microblaze_0/libsrc/intc_v3_0/src -s include -e "SHELL=CMD" "COMPILER=mb-gcc" "ARCHIVER=mb-ar" "COMPILER_FLAGS= -O2 -c -mcpu=v9.3 -mhard-float -mlittle-endian -mno-xl-soft-div -mno-xl-soft-mul -mxl-barrel-shift" "EXTRA_COMPILER_FLAGS=-g -ffunction-sections -fdata-sections"
"Running Make include in microblaze_0/libsrc/standalone_v4_0/src"
make -C microblaze_0/libsrc/standalone_v4_0/src -s include -e "SHELL=CMD" "COMPILER=mb-gcc" "ARCHIVER=mb-ar" "COMPILER_FLAGS= -O2 -c -mcpu=v9.3 -mhard-float -mlittle-endian -mno-xl-soft-div -mno-xl-soft-mul -mxl-barrel-shift" "EXTRA_COMPILER_FLAGS=-g -ffunction-sections -fdata-sections"
make[2]: Entering directory `C:/Projetos_git/repo/vivado_projects/project_ug940-comAES_Crypto/tutorial_ug940.sdk/SDK/SDK_Export/AES_tests_bsp/microblaze_0/libsrc/standalone_v4_0/src/profile'
cp -rf profile.h mblaze_nt_types.h _profile_timer_hw.h ../../../../include
make[2]: Leaving directory `C:/Projetos_git/repo/vivado_projects/project_ug940-comAES_Crypto/tutorial_ug940.sdk/SDK/SDK_Export/AES_tests_bsp/microblaze_0/libsrc/standalone_v4_0/src/profile'
"Running Make include in microblaze_0/libsrc/tmrctr_v3_0/src"
make -C microblaze_0/libsrc/tmrctr_v3_0/src -s include -e "SHELL=CMD" "COMPILER=mb-gcc" "ARCHIVER=mb-ar" "COMPILER_FLAGS= -O2 -c -mcpu=v9.3 -mhard-float -mlittle-endian -mno-xl-soft-div -mno-xl-soft-mul -mxl-barrel-shift" "EXTRA_COMPILER_FLAGS=-g -ffunction-sections -fdata-sections"
"Running Make include in microblaze_0/libsrc/uartlite_v3_0/src"
make -C microblaze_0/libsrc/uartlite_v3_0/src -s include -e "SHELL=CMD" "COMPILER=mb-gcc" "ARCHIVER=mb-ar" "COMPILER_FLAGS= -O2 -c -mcpu=v9.3 -mhard-float -mlittle-endian -mno-xl-soft-div -mno-xl-soft-mul -mxl-barrel-shift" "EXTRA_COMPILER_FLAGS=-g -ffunction-sections -fdata-sections"
"Running Make libs in microblaze_0/libsrc/bram_v4_0/src"
make -C microblaze_0/libsrc/bram_v4_0/src -s libs -e "SHELL=CMD" "COMPILER=mb-gcc" "ARCHIVER=mb-ar" "COMPILER_FLAGS= -O2 -c -mcpu=v9.3 -mhard-float -mlittle-endian -mno-xl-soft-div -mno-xl-soft-mul -mxl-barrel-shift" "EXTRA_COMPILER_FLAGS=-g -ffunction-sections -fdata-sections"
"Compiling bram"
make[2]: Entering directory `C:/Projetos_git/repo/vivado_projects/project_ug940-comAES_Crypto/tutorial_ug940.sdk/SDK/SDK_Export/AES_tests_bsp/microblaze_0/libsrc/bram_v4_0/src'
rm -rf *.o 
make[2]: Leaving directory `C:/Projetos_git/repo/vivado_projects/project_ug940-comAES_Crypto/tutorial_ug940.sdk/SDK/SDK_Export/AES_tests_bsp/microblaze_0/libsrc/bram_v4_0/src'
"Running Make libs in microblaze_0/libsrc/cpu_v2_0/src"
make -C microblaze_0/libsrc/cpu_v2_0/src -s libs -e "SHELL=CMD" "COMPILER=mb-gcc" "ARCHIVER=mb-ar" "COMPILER_FLAGS= -O2 -c -mcpu=v9.3 -mhard-float -mlittle-endian -mno-xl-soft-div -mno-xl-soft-mul -mxl-barrel-shift" "EXTRA_COMPILER_FLAGS=-g -ffunction-sections -fdata-sections"
"Compiling cpu"
make[2]: Entering directory `C:/Projetos_git/repo/vivado_projects/project_ug940-comAES_Crypto/tutorial_ug940.sdk/SDK/SDK_Export/AES_tests_bsp/microblaze_0/libsrc/cpu_v2_0/src'
rm -rf *.o
make[2]: Leaving directory `C:/Projetos_git/repo/vivado_projects/project_ug940-comAES_Crypto/tutorial_ug940.sdk/SDK/SDK_Export/AES_tests_bsp/microblaze_0/libsrc/cpu_v2_0/src'
"Running Make libs in microblaze_0/libsrc/intc_v3_0/src"
make -C microblaze_0/libsrc/intc_v3_0/src -s libs -e "SHELL=CMD" "COMPILER=mb-gcc" "ARCHIVER=mb-ar" "COMPILER_FLAGS= -O2 -c -mcpu=v9.3 -mhard-float -mlittle-endian -mno-xl-soft-div -mno-xl-soft-mul -mxl-barrel-shift" "EXTRA_COMPILER_FLAGS=-g -ffunction-sections -fdata-sections"
"Compiling intc"
make[2]: Entering directory `C:/Projetos_git/repo/vivado_projects/project_ug940-comAES_Crypto/tutorial_ug940.sdk/SDK/SDK_Export/AES_tests_bsp/microblaze_0/libsrc/intc_v3_0/src'
rm -rf *.o 
make[2]: Leaving directory `C:/Projetos_git/repo/vivado_projects/project_ug940-comAES_Crypto/tutorial_ug940.sdk/SDK/SDK_Export/AES_tests_bsp/microblaze_0/libsrc/intc_v3_0/src'
"Running Make libs in microblaze_0/libsrc/standalone_v4_0/src"
make -C microblaze_0/libsrc/standalone_v4_0/src -s libs -e "SHELL=CMD" "COMPILER=mb-gcc" "ARCHIVER=mb-ar" "COMPILER_FLAGS= -O2 -c -mcpu=v9.3 -mhard-float -mlittle-endian -mno-xl-soft-div -mno-xl-soft-mul -mxl-barrel-shift" "EXTRA_COMPILER_FLAGS=-g -ffunction-sections -fdata-sections"
"Compiling standalone";
"Running Make libs in microblaze_0/libsrc/tmrctr_v3_0/src"
make -C microblaze_0/libsrc/tmrctr_v3_0/src -s libs -e "SHELL=CMD" "COMPILER=mb-gcc" "ARCHIVER=mb-ar" "COMPILER_FLAGS= -O2 -c -mcpu=v9.3 -mhard-float -mlittle-endian -mno-xl-soft-div -mno-xl-soft-mul -mxl-barrel-shift" "EXTRA_COMPILER_FLAGS=-g -ffunction-sections -fdata-sections"
"Compiling tmrctr"
make[2]: Entering directory `C:/Projetos_git/repo/vivado_projects/project_ug940-comAES_Crypto/tutorial_ug940.sdk/SDK/SDK_Export/AES_tests_bsp/microblaze_0/libsrc/tmrctr_v3_0/src'
rm -rf *.o 
make[2]: Leaving directory `C:/Projetos_git/repo/vivado_projects/project_ug940-comAES_Crypto/tutorial_ug940.sdk/SDK/SDK_Export/AES_tests_bsp/microblaze_0/libsrc/tmrctr_v3_0/src'
"Running Make libs in microblaze_0/libsrc/uartlite_v3_0/src"
make -C microblaze_0/libsrc/uartlite_v3_0/src -s libs -e "SHELL=CMD" "COMPILER=mb-gcc" "ARCHIVER=mb-ar" "COMPILER_FLAGS= -O2 -c -mcpu=v9.3 -mhard-float -mlittle-endian -mno-xl-soft-div -mno-xl-soft-mul -mxl-barrel-shift" "EXTRA_COMPILER_FLAGS=-g -ffunction-sections -fdata-sections"
"Compiling uartlite"
make[2]: Entering directory `C:/Projetos_git/repo/vivado_projects/project_ug940-comAES_Crypto/tutorial_ug940.sdk/SDK/SDK_Export/AES_tests_bsp/microblaze_0/libsrc/uartlite_v3_0/src'
rm -rf *.o 
make[2]: Leaving directory `C:/Projetos_git/repo/vivado_projects/project_ug940-comAES_Crypto/tutorial_ug940.sdk/SDK/SDK_Export/AES_tests_bsp/microblaze_0/libsrc/uartlite_v3_0/src'
'Finished building libraries'
17:34:23 **** Auto Build of configuration Debug for project AES_tests ****
make all 
make: Nothing to be done for `all'.
