Copyright 1986-2014 Xilinx, Inc. All Rights Reserved.
--------------------------------------------------------------------------------------------
| Tool Version : Vivado v.2014.1 (win64) Build 881834 Fri Apr  4 14:15:54 MDT 2014
| Date         : Sun Jul 26 11:23:41 2015
| Host         : LAPAR01-PC running 64-bit Service Pack 1  (build 7601)
| Command      : report_clock_utilization -file myip_lite_v1_0_clock_utilization_placed.rpt
| Design       : myip_lite_v1_0
| Device       : xc7k325t
--------------------------------------------------------------------------------------------

Clock Utilization Report

Table of Contents
-----------------
1. Clock Primitive Utilization
2. Details of Global Clocks
3. Details of Regional Clocks
4. Details of Multi-Regional Clocks
5. Details of I/O Clocks
6. Details of Local Clocks
7. Clock Regions : Key Resource Utilization
8. Net wise resources used in clock region X0Y0
9. Net wise resources used in clock region X0Y1

1. Clock Primitive Utilization
------------------------------

+-------+------+-----------+------------+
| Type  | Used | Available | Num Locked |
+-------+------+-----------+------------+
| BUFG  |    1 |        32 |          0 |
| BUFH  |    0 |       168 |          0 |
| BUFIO |    0 |        40 |          0 |
| MMCM  |    0 |        10 |          0 |
| PLL   |    0 |        10 |          0 |
| BUFR  |    0 |        40 |          0 |
| BUFMR |    0 |        20 |          0 |
+-------+------+-----------+------------+


2. Details of Global Clocks
---------------------------

+-------+-----------------------------+------------------------+--------------+--------+---------------+-----------+
|       |                             |                        |   Num Loads  |        |               |           |
+-------+-----------------------------+------------------------+------+-------+--------+---------------+-----------+
| Index | BUFG Cell                   | Net Name               | BELs | Sites | Locked | MaxDelay (ns) | Skew (ns) |
+-------+-----------------------------+------------------------+------+-------+--------+---------------+-----------+
|     1 | s00_axi_aclk_IBUF_BUFG_inst | s00_axi_aclk_IBUF_BUFG |  311 |   121 |     no |         1.958 |     0.349 |
+-------+-----------------------------+------------------------+------+-------+--------+---------------+-----------+


3. Details of Regional Clocks
-----------------------------

4. Details of Multi-Regional Clocks
-----------------------------------

5. Details of I/O Clocks
------------------------

6. Details of Local Clocks
--------------------------

7. Clock Regions : Key Resource Utilization
-------------------------------------------

+-------------------+--------------+--------------+--------------+--------------+--------------+--------------+--------------+--------------+--------------+--------------+--------------+--------------+--------------+--------------+--------------+
|                   | Global Clock |     BUFRs    |    BUFMRs    |    BUFIOs    |     MMCM     |      PLL     |      GT      |      PCI     |    ILOGIC    |    OLOGIC    |      FF      |     LUTM     |    RAMB18    |    RAMB36    |    DSP48E1   |
+-------------------+------+-------+------+-------+------+-------+------+-------+------+-------+------+-------+------+-------+------+-------+------+-------+------+-------+------+-------+------+-------+------+-------+------+-------+------+-------+
| Clock Region Name | Used | Avail | Used | Avail | Used | Avail | Used | Avail | Used | Avail | Used | Avail | Used | Avail | Used | Avail | Used | Avail | Used | Avail | Used | Avail | Used | Avail | Used | Avail | Used | Avail | Used | Avail |
+-------------------+------+-------+------+-------+------+-------+------+-------+------+-------+------+-------+------+-------+------+-------+------+-------+------+-------+------+-------+------+-------+------+-------+------+-------+------+-------+
| X0Y0              |    1 |    12 |    0 |     4 |    0 |     2 |    0 |     4 |    0 |     1 |    0 |     1 |    0 |     0 |    0 |     0 |    0 |    50 |    0 |    50 |   49 | 32000 |    0 |  4600 |    0 |    60 |    0 |    30 |    0 |    60 |
| X1Y0              |    0 |    12 |    0 |     4 |    0 |     2 |    0 |     4 |    0 |     1 |    0 |     1 |    0 |     0 |    0 |     0 |    0 |    50 |    0 |    50 |    0 | 29600 |    0 |  4800 |    0 |    80 |    0 |    40 |    0 |    60 |
| X0Y1              |    1 |    12 |    0 |     4 |    0 |     2 |    0 |     4 |    0 |     1 |    0 |     1 |    0 |     0 |    0 |     0 |    0 |    50 |    0 |    50 |  262 | 32000 |    0 |  4600 |    0 |    60 |    0 |    30 |    0 |    60 |
| X1Y1              |    0 |    12 |    0 |     4 |    0 |     2 |    0 |     4 |    0 |     1 |    0 |     1 |    0 |     0 |    0 |     0 |    0 |    50 |    0 |    50 |    0 | 29600 |    0 |  4800 |    0 |    80 |    0 |    40 |    0 |    60 |
| X0Y2              |    0 |    12 |    0 |     4 |    0 |     2 |    0 |     4 |    0 |     1 |    0 |     1 |    0 |     0 |    0 |     0 |    0 |    50 |    0 |    50 |    0 | 27200 |    0 |  4600 |    0 |    60 |    0 |    30 |    0 |    60 |
| X1Y2              |    0 |    12 |    0 |     4 |    0 |     2 |    0 |     4 |    0 |     1 |    0 |     1 |    0 |     0 |    0 |     0 |    0 |    50 |    0 |    50 |    0 | 29600 |    0 |  4800 |    0 |    80 |    0 |    40 |    0 |    60 |
| X0Y3              |    0 |    12 |    0 |     4 |    0 |     2 |    0 |     4 |    0 |     1 |    0 |     1 |    0 |     0 |    0 |     0 |    0 |    50 |    0 |    50 |    0 | 27200 |    0 |  4600 |    0 |    60 |    0 |    30 |    0 |    60 |
| X1Y3              |    0 |    12 |    0 |     0 |    0 |     0 |    0 |     0 |    0 |     0 |    0 |     0 |    0 |     5 |    0 |     1 |    0 |     0 |    0 |     0 |    0 | 25200 |    0 |  4200 |    0 |    50 |    0 |    25 |    0 |    60 |
| X0Y4              |    0 |    12 |    0 |     4 |    0 |     2 |    0 |     4 |    0 |     1 |    0 |     1 |    0 |     0 |    0 |     0 |    0 |    50 |    0 |    50 |    0 | 32000 |    0 |  4600 |    0 |    60 |    0 |    30 |    0 |    60 |
| X1Y4              |    0 |    12 |    0 |     0 |    0 |     0 |    0 |     0 |    0 |     0 |    0 |     0 |    0 |     5 |    0 |     0 |    0 |     0 |    0 |     0 |    0 | 26400 |    0 |  4400 |    0 |    60 |    0 |    30 |    0 |    60 |
| X0Y5              |    0 |    12 |    0 |     4 |    0 |     2 |    0 |     4 |    0 |     1 |    0 |     1 |    0 |     0 |    0 |     0 |    0 |    50 |    0 |    50 |    0 | 32000 |    0 |  4600 |    0 |    60 |    0 |    30 |    0 |    60 |
| X1Y5              |    0 |    12 |    0 |     0 |    0 |     0 |    0 |     0 |    0 |     0 |    0 |     0 |    0 |     5 |    0 |     0 |    0 |     0 |    0 |     0 |    0 | 26400 |    0 |  4400 |    0 |    60 |    0 |    30 |    0 |    60 |
| X0Y6              |    0 |    12 |    0 |     4 |    0 |     2 |    0 |     4 |    0 |     1 |    0 |     1 |    0 |     0 |    0 |     0 |    0 |    50 |    0 |    50 |    0 | 32000 |    0 |  4600 |    0 |    60 |    0 |    30 |    0 |    60 |
| X1Y6              |    0 |    12 |    0 |     0 |    0 |     0 |    0 |     0 |    0 |     0 |    0 |     0 |    0 |     5 |    0 |     0 |    0 |     0 |    0 |     0 |    0 | 26400 |    0 |  4400 |    0 |    60 |    0 |    30 |    0 |    60 |
+-------------------+------+-------+------+-------+------+-------+------+-------+------+-------+------+-------+------+-------+------+-------+------+-------+------+-------+------+-------+------+-------+------+-------+------+-------+------+-------+
* RAMB36 site can be used as two RAMB18/FIFO18 sites


8. Net wise resources used in clock region X0Y0
-----------------------------------------------

+-------------+-------------+--------+-----------+----------+---------+-----------+---------+---------+-----+-------+----------+------------------------+
| Source Type | BUFHCE Site | Locked | MMCM Pins | PLL Pins | GT Pins | BRAM Pins | ILOGICs | OLOGICs | FFs | LUTMs | DSP48E1s |     Clock Net Name     |
+-------------+-------------+--------+-----------+----------+---------+-----------+---------+---------+-----+-------+----------+------------------------+
| BUFG        |     ---     |   no   |         0 |        0 |       0 |         0 |       0 |       0 |  49 |     0 |        0 | s00_axi_aclk_IBUF_BUFG |
+-------------+-------------+--------+-----------+----------+---------+-----------+---------+---------+-----+-------+----------+------------------------+


9. Net wise resources used in clock region X0Y1
-----------------------------------------------

+-------------+-------------+--------+-----------+----------+---------+-----------+---------+---------+-----+-------+----------+------------------------+
| Source Type | BUFHCE Site | Locked | MMCM Pins | PLL Pins | GT Pins | BRAM Pins | ILOGICs | OLOGICs | FFs | LUTMs | DSP48E1s |     Clock Net Name     |
+-------------+-------------+--------+-----------+----------+---------+-----------+---------+---------+-----+-------+----------+------------------------+
| BUFG        |     ---     |   no   |         0 |        0 |       0 |         0 |       0 |       0 | 262 |     0 |        0 | s00_axi_aclk_IBUF_BUFG |
+-------------+-------------+--------+-----------+----------+---------+-----------+---------+---------+-----+-------+----------+------------------------+



# Location of BUFG Primitives 
set_property LOC BUFGCTRL_X0Y0 [get_cells s00_axi_aclk_IBUF_BUFG_inst]

# Location of IO Clock Primitives

# Location of MMCM Clock Primitives

# Location of BUFH Clock Primitives

# Location of BUFR Clock Primitives

# Location of BUFMR Clock Primitives

# Location of PLL Clock Primitives

# Location of IO Primitives which is load of clock spine

# Location of clock ports
set_property LOC IOB_X0Y78 [get_ports s00_axi_aclk]

# Clock net "s00_axi_aclk_IBUF_BUFG" driven by instance "s00_axi_aclk_IBUF_BUFG_inst" located at site "BUFGCTRL_X0Y0"
#startgroup
create_pblock CLKAG_s00_axi_aclk_IBUF_BUFG
add_cells_to_pblock [get_pblocks  CLKAG_s00_axi_aclk_IBUF_BUFG] [get_cells  -filter { IS_PRIMITIVE==1 && PRIMITIVE_LEVEL !=INTERNAL } -of_object [get_pins -filter {DIRECTION==IN} -of_objects [get_nets -hierarchical -filter {PARENT=="s00_axi_aclk_IBUF_BUFG"}]]]
resize_pblock [get_pblocks CLKAG_s00_axi_aclk_IBUF_BUFG] -add {CLOCKREGION_X0Y0:CLOCKREGION_X0Y0 CLOCKREGION_X0Y1:CLOCKREGION_X0Y1}
#endgroup
