10:59:31 INFO  : Processing command line option -hwspec C:/Projetos_git/repo/vivado_projects/project_uBlaze-AES/project_uBlaze-AES.sdk/SDK/SDK_Export/hw/mb_system.xml.
11:50:35 INFO  : Inferring section assignments and sizes from elf file: C:\Projetos_git\repo\vivado_projects\project_uBlaze-AES\project_uBlaze-AES.sdk\SDK\SDK_Export\AES_tests\Debug\AES_tests.elf
11:52:18 INFO  : Successfully generated C:\Projetos_git\repo\vivado_projects\project_uBlaze-AES\project_uBlaze-AES.sdk\SDK\SDK_Export\AES_tests\src\lscript.ld.
11:52:18 INFO  : Applying linker script to all configurations of project AES_tests.
11:52:18 INFO  : Setting rebuild state to true for all configurations of project AES_tests.
12:05:05 WARN  : Unable to obtain port 2350 for use by XMD, java.net.SocketException: Unrecognized Windows Sockets error: 0: JVM_Bind
12:05:05 WARN  : Unable to obtain port 2357 for use by XMD, java.net.SocketException: Unrecognized Windows Sockets error: 0: JVM_Bind
12:05:21 INFO  : FPGA configured successfully with bitstream "C:/Projetos_git/repo/vivado_projects/project_uBlaze-AES/project_uBlaze-AES.sdk/SDK/SDK_Export/hw_platform_0/download.bit"
12:09:20 INFO  : FPGA configured successfully with bitstream "C:/Projetos_git/repo/vivado_projects/project_uBlaze-AES/project_uBlaze-AES.sdk/SDK/SDK_Export/hw_platform_0/download.bit"
12:11:30 INFO  : FPGA configured successfully with bitstream "C:/Projetos_git/repo/vivado_projects/project_uBlaze-AES/project_uBlaze-AES.sdk/SDK/SDK_Export/hw_platform_0/download.bit"
12:12:55 INFO  : FPGA Cable Disconnected. All active launches will be terminated.
14:26:35 INFO  : Inferring section assignments and sizes from elf file: C:\Projetos_git\repo\vivado_projects\project_uBlaze-AES\project_uBlaze-AES.sdk\SDK\SDK_Export\AES_tests\Debug\AES_tests.elf
14:27:03 INFO  : Successfully generated C:\Projetos_git\repo\vivado_projects\project_uBlaze-AES\project_uBlaze-AES.sdk\SDK\SDK_Export\AES_tests\src\lscript.ld.
14:27:03 INFO  : Applying linker script to all configurations of project AES_tests.
14:27:03 INFO  : Setting rebuild state to true for all configurations of project AES_tests.
14:28:20 INFO  : FPGA configured successfully with bitstream "C:/Projetos_git/repo/vivado_projects/project_uBlaze-AES/project_uBlaze-AES.sdk/SDK/SDK_Export/hw_platform_0/download.bit"
14:29:43 INFO  : FPGA configured successfully with bitstream "C:/Projetos_git/repo/vivado_projects/project_uBlaze-AES/project_uBlaze-AES.sdk/SDK/SDK_Export/hw_platform_0/download.bit"
14:33:49 ERROR : Unexpected error while parsing XMD response ?: com.google.gson.JsonSyntaxException: com.google.gson.stream.MalformedJsonException: invalid number or unquoted string near 
14:38:50 INFO  : Inferring section assignments and sizes from elf file: C:\Projetos_git\repo\vivado_projects\project_uBlaze-AES\project_uBlaze-AES.sdk\SDK\SDK_Export\AES_tests\Debug\AES_tests.elf
14:39:30 INFO  : Successfully generated C:\Projetos_git\repo\vivado_projects\project_uBlaze-AES\project_uBlaze-AES.sdk\SDK\SDK_Export\AES_tests\src\lscript.ld.
14:39:30 INFO  : Applying linker script to all configurations of project AES_tests.
14:39:30 INFO  : Setting rebuild state to true for all configurations of project AES_tests.
14:41:24 WARN  : Unable to obtain port 2350 for use by XMD, java.net.SocketException: Unrecognized Windows Sockets error: 0: JVM_Bind
14:41:53 INFO  : FPGA configured successfully with bitstream "C:/Projetos_git/repo/vivado_projects/project_uBlaze-AES/project_uBlaze-AES.sdk/SDK/SDK_Export/hw_platform_0/download.bit"
14:44:12 INFO  : Successfully generated C:\Projetos_git\repo\vivado_projects\project_uBlaze-AES\project_uBlaze-AES.sdk\SDK\SDK_Export\AES_tests\src\lscript.ld.
14:44:12 INFO  : Applying linker script to all configurations of project AES_tests.
14:44:12 INFO  : Setting rebuild state to true for all configurations of project AES_tests.
15:18:31 ERROR : Unexpected error while parsing XMD response ?: com.google.gson.JsonSyntaxException: com.google.gson.stream.MalformedJsonException: invalid number or unquoted string near 
15:18:57 WARN  : Unable to obtain port 2350 for use by XMD, java.net.BindException: Address already in use: JVM_Bind
15:19:00 INFO  : Processing command line option -hwspec C:/Projetos_git/repo/vivado_projects/project_uBlaze-AES/project_uBlaze-AES.sdk/SDK/SDK_Export/hw/mb_system.xml.
15:19:02 INFO  : The hardware specification for project 'hw_platform_0' is different from C:/Projetos_git/repo/vivado_projects/project_uBlaze-AES/project_uBlaze-AES.sdk/SDK/SDK_Export/hw/mb_system.xml.
15:19:02 INFO  : Copied contents of C:/Projetos_git/repo/vivado_projects/project_uBlaze-AES/project_uBlaze-AES.sdk/SDK/SDK_Export/hw/mb_system.xml into \hw_platform_0\system.xml.
15:19:03 INFO  : Copied contents of C:\Projetos_git\repo\vivado_projects\project_uBlaze-AES\project_uBlaze-AES.sdk\SDK\SDK_Export\hw\mb_system_wrapper.bit into \hw_platform_0\mb_system_wrapper.bit.
15:19:03 INFO  : Copied contents of C:\Projetos_git\repo\vivado_projects\project_uBlaze-AES\project_uBlaze-AES.sdk\SDK\SDK_Export\hw\mb_system_wrapper_bd.bmm into \hw_platform_0\mb_system_wrapper_bd.bmm.
15:19:15 INFO  : Synchronizing projects in the workspace with the hardware platform specification changes.
15:19:16 INFO  : 
15:19:17 INFO  : Updating hardware inferred compiler options for AES_tests.
15:19:17 INFO  : Clearing existing target manager status.
15:19:17 INFO  : Closing and re-opening the MSS file of ther project AES_tests_bsp
15:19:18 INFO  : Workspace synchronized with the new hardware specification file. Cleaning dependent projects...
15:22:44 INFO  : FPGA configured successfully with bitstream "C:/Projetos_git/repo/vivado_projects/project_uBlaze-AES/project_uBlaze-AES.sdk/SDK/SDK_Export/hw_platform_0/download.bit"
15:26:09 INFO  : FPGA configured successfully with bitstream "C:/Projetos_git/repo/vivado_projects/project_uBlaze-AES/project_uBlaze-AES.sdk/SDK/SDK_Export/hw_platform_0/download.bit"
